#
# There is insufficient memory for the Java Runtime Environment to continue.
# Native memory allocation (malloc) failed to allocate 32744 bytes for ChunkPool::allocate
# Possible reasons:
#   The system is out of physical RAM or swap space
#   In 32 bit mode, the process size limit was hit
# Possible solutions:
#   Reduce memory load on the system
#   Increase physical memory or swap space
#   Check if swap backing store is full
#   Use 64 bit Java on a 64 bit OS
#   Decrease Java heap size (-Xmx/-Xms)
#   Decrease number of Java threads
#   Decrease Java thread stack sizes (-Xss)
#   Set larger code cache with -XX:ReservedCodeCacheSize=
# This output file may be truncated or incomplete.
#
#  Out of Memory Error (allocation.cpp:273), pid=14596, tid=0x0000000000006efc
#
# JRE version: Java(TM) SE Runtime Environment (8.0_191-b12) (build 1.8.0_191-b12)
# Java VM: Java HotSpot(TM) 64-Bit Server VM (25.191-b12 mixed mode windows-amd64 compressed oops)
# Failed to write core dump. Minidumps are not enabled by default on client versions of Windows
#

---------------  T H R E A D  ---------------

Current thread (0x0000000017dc5800):  JavaThread "C2 CompilerThread0" daemon [_thread_in_native, id=28412, stack(0x0000000019440000,0x0000000019540000)]

Stack: [0x0000000019440000,0x0000000019540000]
[error occurred during error reporting (printing stack bounds), id 0xc0000005]

Native frames: (J=compiled Java code, j=interpreted, Vv=VM code, C=native code)


Current CompileTask:
C2:   5247 1739   !   4       java.net.URLClassLoader$1::run (63 bytes)


---------------  P R O C E S S  ---------------

Java Threads: ( => current thread )
  0x000000002213c000 JavaThread "pool-3-thread-1" [_thread_blocked, id=14956, stack(0x0000000023a70000,0x0000000023b70000)]
  0x000000002210b000 JavaThread "Abandoned connection cleanup thread" daemon [_thread_blocked, id=14892, stack(0x0000000023770000,0x0000000023870000)]
  0x0000000019ae4800 JavaThread "JavaFX-Launcher" [_thread_blocked, id=28124, stack(0x00000000219a0000,0x0000000021aa0000)]
  0x0000000019af0000 JavaThread "Thread-2" daemon [_thread_in_native, id=6712, stack(0x00000000218a0000,0x00000000219a0000)]
  0x0000000019ac3000 JavaThread "JavaFX Application Thread" [_thread_in_vm, id=22084, stack(0x000000001a440000,0x000000001a540000)]
  0x0000000019acc800 JavaThread "Thread-1" daemon [_thread_blocked, id=23588, stack(0x000000001a340000,0x000000001a440000)]
  0x0000000019a89000 JavaThread "QuantumRenderer-0" daemon [_thread_blocked, id=16192, stack(0x0000000019f80000,0x000000001a080000)]
  0x000000001976b000 JavaThread "Service Thread" daemon [_thread_blocked, id=20524, stack(0x0000000019b40000,0x0000000019c40000)]
  0x0000000017dd7000 JavaThread "C1 CompilerThread2" daemon [_thread_blocked, id=22692, stack(0x0000000019640000,0x0000000019740000)]
  0x0000000017dcc000 JavaThread "C2 CompilerThread1" daemon [_thread_in_native, id=23132, stack(0x0000000019540000,0x0000000019640000)]
=>0x0000000017dc5800 JavaThread "C2 CompilerThread0" daemon [_thread_in_native, id=28412, stack(0x0000000019440000,0x0000000019540000)]
  0x0000000017dc2000 JavaThread "Attach Listener" daemon [_thread_blocked, id=15232, stack(0x0000000019340000,0x0000000019440000)]
  0x0000000017dc1000 JavaThread "Signal Dispatcher" daemon [_thread_blocked, id=21284, stack(0x0000000019240000,0x0000000019340000)]
  0x00000000032fe000 JavaThread "Finalizer" daemon [_thread_blocked, id=19288, stack(0x0000000019020000,0x0000000019120000)]
  0x0000000017d89000 JavaThread "Reference Handler" daemon [_thread_blocked, id=13956, stack(0x0000000018f20000,0x0000000019020000)]
  0x0000000003203800 JavaThread "main" [_thread_blocked, id=13056, stack(0x0000000003100000,0x0000000003200000)]

Other Threads:
  0x0000000017d88000 VMThread [stack: 0x0000000018e20000,0x0000000018f20000] [id=3152]
  0x0000000019798000 WatcherThread [stack: 0x0000000019c40000,0x0000000019d40000] [id=27892]

VM state:not at safepoint (normal execution)

VM Mutex/Monitor currently owned by a thread: None

Heap:
 PSYoungGen      total 62464K, used 2073K [0x00000000d6180000, 0x00000000dc900000, 0x0000000100000000)
  eden space 53760K, 3% used [0x00000000d6180000,0x00000000d63866f0,0x00000000d9600000)
  from space 8704K, 0% used [0x00000000d9600000,0x00000000d9600000,0x00000000d9e80000)
  to   space 8704K, 0% used [0x00000000dc080000,0x00000000dc080000,0x00000000dc900000)
 ParOldGen       total 50176K, used 9533K [0x0000000082400000, 0x0000000085500000, 0x00000000d6180000)
  object space 50176K, 19% used [0x0000000082400000,0x0000000082d4f7e8,0x0000000085500000)
 Metaspace       used 34753K, capacity 35282K, committed 35712K, reserved 1079296K
  class space    used 4809K, capacity 4945K, committed 4992K, reserved 1048576K

Card table byte_map: [0x00000000126c0000,0x0000000012ab0000] byte_map_base: 0x00000000122ae000

Marking Bits: (ParMarkBitMap*) 0x0000000069753e30
 Begin Bits: [0x0000000013150000, 0x00000000150c0000)
 End Bits:   [0x00000000150c0000, 0x0000000017030000)

Polling page: 0x0000000001790000

CodeCache: size=245760Kb used=6488Kb max_used=6488Kb free=239271Kb
 bounds [0x0000000003300000, 0x0000000003960000, 0x0000000012300000]
 total_blobs=2663 nmethods=2057 adapters=518
 compilation: enabled

Compilation events (10 events):
Event: 5.038 Thread 0x0000000017dd7000 2066       3       antlr.CharScanner::LA (35 bytes)
Event: 5.039 Thread 0x0000000017dd7000 nmethod 2066 0x00000000039543d0 code [0x00000000039545c0, 0x0000000003954fd8]
Event: 5.051 Thread 0x0000000017dd7000 2067       2       java.lang.String::equalsIgnoreCase (48 bytes)
Event: 5.052 Thread 0x0000000017dd7000 nmethod 2067 0x0000000003955550 code [0x00000000039556c0, 0x00000000039558a8]
Event: 5.052 Thread 0x0000000017dd7000 2068       1       antlr.Token::getType (5 bytes)
Event: 5.052 Thread 0x0000000017dd7000 nmethod 2068 0x00000000039559d0 code [0x0000000003955b20, 0x0000000003955c30]
Event: 5.058 Thread 0x0000000017dd7000 2069   !   2       java.net.URL::<init> (543 bytes)
Event: 5.062 Thread 0x0000000017dd7000 nmethod 2069 0x0000000003955c90 code [0x0000000003955fe0, 0x00000000039572f8]
Event: 5.068 Thread 0x0000000017dd7000 2070       3       java.lang.CharacterData::of (120 bytes)
Event: 5.068 Thread 0x0000000017dd7000 nmethod 2070 0x0000000003958ed0 code [0x0000000003959080, 0x0000000003959590]

GC Heap History (10 events):
Event: 2.577 GC heap before
{Heap before GC invocations=5 (full 1):
 PSYoungGen      total 37888K, used 4921K [0x00000000d6180000, 0x00000000dab80000, 0x0000000100000000)
  eden space 32768K, 0% used [0x00000000d6180000,0x00000000d6180000,0x00000000d8180000)
  from space 5120K, 96% used [0x00000000d8680000,0x00000000d8b4e598,0x00000000d8b80000)
  to   space 5120K, 0% used [0x00000000d8180000,0x00000000d8180000,0x00000000d8680000)
 ParOldGen       total 86016K, used 2596K [0x0000000082400000, 0x0000000087800000, 0x00000000d6180000)
  object space 86016K, 3% used [0x0000000082400000,0x0000000082689078,0x0000000087800000)
 Metaspace       used 20672K, capacity 21088K, committed 21296K, reserved 1067008K
  class space    used 2846K, capacity 2940K, committed 2944K, reserved 1048576K
Event: 2.613 GC heap after
Heap after GC invocations=5 (full 1):
 PSYoungGen      total 37888K, used 0K [0x00000000d6180000, 0x00000000dab80000, 0x0000000100000000)
  eden space 32768K, 0% used [0x00000000d6180000,0x00000000d6180000,0x00000000d8180000)
  from space 5120K, 0% used [0x00000000d8680000,0x00000000d8680000,0x00000000d8b80000)
  to   space 5120K, 0% used [0x00000000d8180000,0x00000000d8180000,0x00000000d8680000)
 ParOldGen       total 50176K, used 4852K [0x0000000082400000, 0x0000000085500000, 0x00000000d6180000)
  object space 50176K, 9% used [0x0000000082400000,0x00000000828bd330,0x0000000085500000)
 Metaspace       used 20672K, capacity 21088K, committed 21296K, reserved 1067008K
  class space    used 2846K, capacity 2940K, committed 2944K, reserved 1048576K
}
Event: 3.656 GC heap before
{Heap before GC invocations=6 (full 1):
 PSYoungGen      total 37888K, used 32763K [0x00000000d6180000, 0x00000000dab80000, 0x0000000100000000)
  eden space 32768K, 99% used [0x00000000d6180000,0x00000000d817ec88,0x00000000d8180000)
  from space 5120K, 0% used [0x00000000d8680000,0x00000000d8680000,0x00000000d8b80000)
  to   space 5120K, 0% used [0x00000000d8180000,0x00000000d8180000,0x00000000d8680000)
 ParOldGen       total 50176K, used 4852K [0x0000000082400000, 0x0000000085500000, 0x00000000d6180000)
  object space 50176K, 9% used [0x0000000082400000,0x00000000828bd330,0x0000000085500000)
 Metaspace       used 28248K, capacity 28674K, committed 29056K, reserved 1075200K
  class space    used 3799K, capacity 3929K, committed 3968K, reserved 1048576K
Event: 3.664 GC heap after
Heap after GC invocations=6 (full 1):
 PSYoungGen      total 37888K, used 5097K [0x00000000d6180000, 0x00000000da900000, 0x0000000100000000)
  eden space 32768K, 0% used [0x00000000d6180000,0x00000000d6180000,0x00000000d8180000)
  from space 5120K, 99% used [0x00000000d8180000,0x00000000d867a730,0x00000000d8680000)
  to   space 9216K, 0% used [0x00000000da000000,0x00000000da000000,0x00000000da900000)
 ParOldGen       total 50176K, used 6341K [0x0000000082400000, 0x0000000085500000, 0x00000000d6180000)
  object space 50176K, 12% used [0x0000000082400000,0x0000000082a31580,0x0000000085500000)
 Metaspace       used 28248K, capacity 28674K, committed 29056K, reserved 1075200K
  class space    used 3799K, capacity 3929K, committed 3968K, reserved 1048576K
}
Event: 4.514 GC heap before
{Heap before GC invocations=7 (full 1):
 PSYoungGen      total 37888K, used 37865K [0x00000000d6180000, 0x00000000da900000, 0x0000000100000000)
  eden space 32768K, 100% used [0x00000000d6180000,0x00000000d8180000,0x00000000d8180000)
  from space 5120K, 99% used [0x00000000d8180000,0x00000000d867a730,0x00000000d8680000)
  to   space 9216K, 0% used [0x00000000da000000,0x00000000da000000,0x00000000da900000)
 ParOldGen       total 50176K, used 6341K [0x0000000082400000, 0x0000000085500000, 0x00000000d6180000)
  object space 50176K, 12% used [0x0000000082400000,0x0000000082a31580,0x0000000085500000)
 Metaspace       used 32049K, capacity 32526K, committed 33024K, reserved 1077248K
  class space    used 4463K, capacity 4583K, committed 4608K, reserved 1048576K
Event: 4.524 GC heap after
Heap after GC invocations=7 (full 1):
 PSYoungGen      total 60928K, used 6025K [0x00000000d6180000, 0x00000000da700000, 0x0000000100000000)
  eden space 53760K, 0% used [0x00000000d6180000,0x00000000d6180000,0x00000000d9600000)
  from space 7168K, 84% used [0x00000000da000000,0x00000000da5e27a0,0x00000000da700000)
  to   space 8704K, 0% used [0x00000000d9600000,0x00000000d9600000,0x00000000d9e80000)
 ParOldGen       total 50176K, used 6349K [0x0000000082400000, 0x0000000085500000, 0x00000000d6180000)
  object space 50176K, 12% used [0x0000000082400000,0x0000000082a33580,0x0000000085500000)
 Metaspace       used 32049K, capacity 32526K, committed 33024K, reserved 1077248K
  class space    used 4463K, capacity 4583K, committed 4608K, reserved 1048576K
}
Event: 5.070 GC heap before
{Heap before GC invocations=8 (full 1):
 PSYoungGen      total 60928K, used 18864K [0x00000000d6180000, 0x00000000da700000, 0x0000000100000000)
  eden space 53760K, 23% used [0x00000000d6180000,0x00000000d6e09a50,0x00000000d9600000)
  from space 7168K, 84% used [0x00000000da000000,0x00000000da5e27a0,0x00000000da700000)
  to   space 8704K, 0% used [0x00000000d9600000,0x00000000d9600000,0x00000000d9e80000)
 ParOldGen       total 50176K, used 6349K [0x0000000082400000, 0x0000000085500000, 0x00000000d6180000)
  object space 50176K, 12% used [0x0000000082400000,0x0000000082a33580,0x0000000085500000)
 Metaspace       used 34578K, capacity 35058K, committed 35456K, reserved 1079296K
  class space    used 4767K, capacity 4913K, committed 4992K, reserved 1048576K
Event: 5.087 GC heap after
Heap after GC invocations=8 (full 1):
 PSYoungGen      total 62464K, used 5040K [0x00000000d6180000, 0x00000000dc900000, 0x0000000100000000)
  eden space 53760K, 0% used [0x00000000d6180000,0x00000000d6180000,0x00000000d9600000)
  from space 8704K, 57% used [0x00000000d9600000,0x00000000d9aec290,0x00000000d9e80000)
  to   space 8704K, 0% used [0x00000000dc080000,0x00000000dc080000,0x00000000dc900000)
 ParOldGen       total 50176K, used 6357K [0x0000000082400000, 0x0000000085500000, 0x00000000d6180000)
  object space 50176K, 12% used [0x0000000082400000,0x0000000082a35580,0x0000000085500000)
 Metaspace       used 34578K, capacity 35058K, committed 35456K, reserved 1079296K
  class space    used 4767K, capacity 4913K, committed 4992K, reserved 1048576K
}
Event: 5.087 GC heap before
{Heap before GC invocations=9 (full 2):
 PSYoungGen      total 62464K, used 5040K [0x00000000d6180000, 0x00000000dc900000, 0x0000000100000000)
  eden space 53760K, 0% used [0x00000000d6180000,0x00000000d6180000,0x00000000d9600000)
  from space 8704K, 57% used [0x00000000d9600000,0x00000000d9aec290,0x00000000d9e80000)
  to   space 8704K, 0% used [0x00000000dc080000,0x00000000dc080000,0x00000000dc900000)
 ParOldGen       total 50176K, used 6357K [0x0000000082400000, 0x0000000085500000, 0x00000000d6180000)
  object space 50176K, 12% used [0x0000000082400000,0x0000000082a35580,0x0000000085500000)
 Metaspace       used 34578K, capacity 35058K, committed 35456K, reserved 1079296K
  class space    used 4767K, capacity 4913K, committed 4992K, reserved 1048576K
Event: 5.170 GC heap after
Heap after GC invocations=9 (full 2):
 PSYoungGen      total 62464K, used 0K [0x00000000d6180000, 0x00000000dc900000, 0x0000000100000000)
  eden space 53760K, 0% used [0x00000000d6180000,0x00000000d6180000,0x00000000d9600000)
  from space 8704K, 0% used [0x00000000d9600000,0x00000000d9600000,0x00000000d9e80000)
  to   space 8704K, 0% used [0x00000000dc080000,0x00000000dc080000,0x00000000dc900000)
 ParOldGen       total 50176K, used 9533K [0x0000000082400000, 0x0000000085500000, 0x00000000d6180000)
  object space 50176K, 19% used [0x0000000082400000,0x0000000082d4f7e8,0x0000000085500000)
 Metaspace       used 34578K, capacity 35058K, committed 35456K, reserved 1079296K
  class space    used 4767K, capacity 4913K, committed 4992K, reserved 1048576K
}

Deoptimization events (10 events):
Event: 2.820 Thread 0x0000000019ac3000 Uncommon trap: reason=predicate action=maybe_recompile pc=0x0000000003728804 method=java.lang.String.regionMatches(ZILjava/lang/String;II)Z @ 63
Event: 2.839 Thread 0x0000000019ac3000 Uncommon trap: reason=unstable_if action=reinterpret pc=0x0000000003512e88 method=java.lang.AbstractStringBuilder.append(Ljava/lang/String;)Ljava/lang/AbstractStringBuilder; @ 1
Event: 2.941 Thread 0x0000000019ac3000 Uncommon trap: reason=unstable_if action=reinterpret pc=0x00000000036170fc method=java.lang.CharacterDataLatin1.isWhitespace(I)Z @ 14
Event: 2.943 Thread 0x0000000019ac3000 Uncommon trap: reason=unstable_if action=reinterpret pc=0x0000000003680784 method=java.lang.String$CaseInsensitiveComparator.compare(Ljava/lang/String;Ljava/lang/String;)I @ 70
Event: 3.006 Thread 0x0000000019ac3000 Uncommon trap: reason=class_check action=maybe_recompile pc=0x0000000003770e00 method=java.util.Properties$LineReader.readLine()I @ 62
Event: 3.006 Thread 0x0000000019ac3000 Uncommon trap: reason=class_check action=maybe_recompile pc=0x0000000003770e00 method=java.util.Properties$LineReader.readLine()I @ 62
Event: 3.006 Thread 0x0000000019ac3000 Uncommon trap: reason=predicate action=maybe_recompile pc=0x00000000035c0870 method=sun.net.www.ParseUtil.encodePath(Ljava/lang/String;Z)Ljava/lang/String; @ 36
Event: 3.211 Thread 0x0000000019ac3000 Uncommon trap: reason=bimorphic action=maybe_recompile pc=0x0000000003631ec4 method=java.util.HashMap.putVal(ILjava/lang/Object;Ljava/lang/Object;ZZ)Ljava/lang/Object; @ 203
Event: 5.039 Thread 0x0000000019ac3000 Uncommon trap: reason=unstable_if action=reinterpret pc=0x0000000003504300 method=java.lang.CharacterData.of(I)Ljava/lang/CharacterData; @ 4
Event: 5.055 Thread 0x0000000019ac3000 Uncommon trap: reason=unstable_if action=reinterpret pc=0x00000000037c2ce8 method=java.util.regex.Pattern$BmpCharProperty.match(Ljava/util/regex/Matcher;ILjava/lang/CharSequence;)Z @ 34

Classes redefined (0 events):
No events

Internal exceptions (10 events):
Event: 0.399 Thread 0x0000000003203800 Exception <a 'java/security/PrivilegedActionException'> (0x00000000d64546c8) thrown at [C:\re\workspace\8-2-build-windows-amd64-cygwin\jdk8u191\11896\hotspot\src\share\vm\prims\jvm.cpp, line 1435]
Event: 0.399 Thread 0x0000000003203800 Exception <a 'java/security/PrivilegedActionException'> (0x00000000d64548d8) thrown at [C:\re\workspace\8-2-build-windows-amd64-cygwin\jdk8u191\11896\hotspot\src\share\vm\prims\jvm.cpp, line 1435]
Event: 0.399 Thread 0x0000000003203800 Exception <a 'java/lang/NullPointerException'> (0x00000000d6454eb0) thrown at [C:\re\workspace\8-2-build-windows-amd64-cygwin\jdk8u191\11896\hotspot\src\share\vm\interpreter\linkResolver.cpp, line 1185]
Event: 1.575 Thread 0x0000000019ac3000 Exception <a 'java/lang/ArrayIndexOutOfBoundsException': 18> (0x00000000d69251d0) thrown at [C:\re\workspace\8-2-build-windows-amd64-cygwin\jdk8u191\11896\hotspot\src\share\vm\interpreter\interpreterRuntime.cpp, line 366]
Event: 1.575 Thread 0x0000000019ac3000 Exception <a 'java/lang/ArrayIndexOutOfBoundsException': 110> (0x00000000d6926910) thrown at [C:\re\workspace\8-2-build-windows-amd64-cygwin\jdk8u191\11896\hotspot\src\share\vm\interpreter\interpreterRuntime.cpp, line 366]
Event: 1.971 Thread 0x0000000019ac3000 Exception <a 'java/lang/ClassNotFoundException': com/sun/org/glassfish/hk2/osgiresourcelocator/ServiceLoader> (0x00000000d7a65a80) thrown at [C:\re\workspace\8-2-build-windows-amd64-cygwin\jdk8u191\11896\hotspot\src\share\vm\classfile\systemDictionary.cpp
Event: 1.975 Thread 0x0000000019ac3000 Exception <a 'java/lang/NullPointerException'> (0x00000000d7a704b0) thrown at [C:\re\workspace\8-2-build-windows-amd64-cygwin\jdk8u191\11896\hotspot\src\share\vm\interpreter\linkResolver.cpp, line 1287]
Event: 1.983 Thread 0x0000000019ac3000 Implicit null exception at 0x0000000003633ebb to 0x00000000036344e5
Event: 2.154 Thread 0x0000000019ac3000 Implicit null exception at 0x000000000355c356 to 0x000000000355c6f1
Event: 2.839 Thread 0x0000000019ac3000 Implicit null exception at 0x0000000003512ad6 to 0x0000000003512e71

Events (10 events):
Event: 5.238 loading class org/hibernate/hql/internal/ast/util/ASTUtil$CollectingNodeVisitor
Event: 5.238 loading class org/hibernate/hql/internal/ast/util/ASTUtil$CollectingNodeVisitor done
Event: 5.239 loading class org/hibernate/hql/internal/ast/tree/IndexNode
Event: 5.239 loading class org/hibernate/hql/internal/ast/tree/IndexNode done
Event: 5.240 loading class org/hibernate/persister/entity/Queryable$Declarer
Event: 5.240 loading class org/hibernate/persister/entity/Queryable$Declarer done
Event: 5.241 loading class org/hibernate/hql/internal/CollectionProperties
Event: 5.241 loading class org/hibernate/hql/internal/CollectionProperties done
Event: 5.243 loading class org/hibernate/hql/internal/ast/tree/SelectClause
Event: 5.243 loading class org/hibernate/hql/internal/ast/tree/SelectClause done


Dynamic libraries:
0x00007ff6f1020000 - 0x00007ff6f1057000 	C:\Program Files\Java\jre1.8.0_191\bin\javaw.exe
0x00007ffb4d920000 - 0x00007ffb4db01000 	C:\WINDOWS\SYSTEM32\ntdll.dll
0x00007ffb4b1d0000 - 0x00007ffb4b282000 	C:\WINDOWS\System32\KERNEL32.DLL
0x00007ffb4a110000 - 0x00007ffb4a383000 	C:\WINDOWS\System32\KERNELBASE.dll
0x00007ffb4b330000 - 0x00007ffb4b3d1000 	C:\WINDOWS\System32\ADVAPI32.dll
0x00007ffb4d040000 - 0x00007ffb4d0de000 	C:\WINDOWS\System32\msvcrt.dll
0x00007ffb4af80000 - 0x00007ffb4afdb000 	C:\WINDOWS\System32\sechost.dll
0x00007ffb4d330000 - 0x00007ffb4d454000 	C:\WINDOWS\System32\RPCRT4.dll
0x00007ffb4b040000 - 0x00007ffb4b1d0000 	C:\WINDOWS\System32\USER32.dll
0x00007ffb4aba0000 - 0x00007ffb4abc0000 	C:\WINDOWS\System32\win32u.dll
0x00007ffb4adc0000 - 0x00007ffb4ade8000 	C:\WINDOWS\System32\GDI32.dll
0x00007ffb49f70000 - 0x00007ffb4a102000 	C:\WINDOWS\System32\gdi32full.dll
0x00007ffb49d70000 - 0x00007ffb49e0f000 	C:\WINDOWS\System32\msvcp_win.dll
0x00007ffb4aaa0000 - 0x00007ffb4ab9a000 	C:\WINDOWS\System32\ucrtbase.dll
0x00007ffb35e30000 - 0x00007ffb36099000 	C:\WINDOWS\WinSxS\amd64_microsoft.windows.common-controls_6595b64144ccf1df_6.0.17134.345_none_fb429a5930656358\COMCTL32.dll
0x00007ffb4d460000 - 0x00007ffb4d783000 	C:\WINDOWS\System32\combase.dll
0x00007ffb49cf0000 - 0x00007ffb49d6a000 	C:\WINDOWS\System32\bcryptPrimitives.dll
0x00007ffb4d1d0000 - 0x00007ffb4d1fd000 	C:\WINDOWS\System32\IMM32.DLL
0x0000000068a90000 - 0x0000000068b62000 	C:\Program Files\Java\jre1.8.0_191\bin\msvcr100.dll
0x0000000068f30000 - 0x00000000697d4000 	C:\Program Files\Java\jre1.8.0_191\bin\server\jvm.dll
0x00007ffb4d270000 - 0x00007ffb4d278000 	C:\WINDOWS\System32\PSAPI.DLL
0x00007ffb37590000 - 0x00007ffb37599000 	C:\WINDOWS\SYSTEM32\WSOCK32.dll
0x00007ffb47960000 - 0x00007ffb47983000 	C:\WINDOWS\SYSTEM32\WINMM.dll
0x00007ffb4d200000 - 0x00007ffb4d26c000 	C:\WINDOWS\System32\WS2_32.dll
0x00007ffb3e030000 - 0x00007ffb3e03a000 	C:\WINDOWS\SYSTEM32\VERSION.dll
0x00007ffb47930000 - 0x00007ffb4795a000 	C:\WINDOWS\SYSTEM32\WINMMBASE.dll
0x00007ffb49e70000 - 0x00007ffb49eb9000 	C:\WINDOWS\System32\cfgmgr32.dll
0x000000006a1f0000 - 0x000000006a1ff000 	C:\Program Files\Java\jre1.8.0_191\bin\verify.dll
0x000000006a130000 - 0x000000006a159000 	C:\Program Files\Java\jre1.8.0_191\bin\java.dll
0x000000006a110000 - 0x000000006a126000 	C:\Program Files\Java\jre1.8.0_191\bin\zip.dll
0x00007ffb4bc00000 - 0x00007ffb4d03f000 	C:\WINDOWS\System32\SHELL32.dll
0x00007ffb4d280000 - 0x00007ffb4d329000 	C:\WINDOWS\System32\shcore.dll
0x00007ffb4a390000 - 0x00007ffb4aa9d000 	C:\WINDOWS\System32\windows.storage.dll
0x00007ffb4bba0000 - 0x00007ffb4bbf1000 	C:\WINDOWS\System32\shlwapi.dll
0x00007ffb49cd0000 - 0x00007ffb49ce1000 	C:\WINDOWS\System32\kernel.appcore.dll
0x00007ffb49cb0000 - 0x00007ffb49ccf000 	C:\WINDOWS\System32\profapi.dll
0x00007ffb49c50000 - 0x00007ffb49c9c000 	C:\WINDOWS\System32\powrprof.dll
0x00007ffb49ca0000 - 0x00007ffb49caa000 	C:\WINDOWS\System32\FLTLIB.DLL
0x0000000001800000 - 0x0000000001803000 	C:\Program Files\Java\jre1.8.0_191\bin\api-ms-win-core-console-l1-1-0.dll
0x0000000001810000 - 0x0000000001813000 	C:\Program Files\Java\jre1.8.0_191\bin\api-ms-win-core-datetime-l1-1-0.dll
0x0000000001830000 - 0x0000000001833000 	C:\Program Files\Java\jre1.8.0_191\bin\api-ms-win-core-debug-l1-1-0.dll
0x0000000001840000 - 0x0000000001843000 	C:\Program Files\Java\jre1.8.0_191\bin\api-ms-win-core-errorhandling-l1-1-0.dll
0x0000000019d40000 - 0x0000000019d44000 	C:\Program Files\Java\jre1.8.0_191\bin\api-ms-win-core-file-l1-1-0.dll
0x0000000019d50000 - 0x0000000019d53000 	C:\Program Files\Java\jre1.8.0_191\bin\api-ms-win-core-file-l1-2-0.dll
0x0000000019d60000 - 0x0000000019d63000 	C:\Program Files\Java\jre1.8.0_191\bin\api-ms-win-core-file-l2-1-0.dll
0x0000000019d70000 - 0x0000000019d73000 	C:\Program Files\Java\jre1.8.0_191\bin\api-ms-win-core-handle-l1-1-0.dll
0x0000000019d80000 - 0x0000000019d83000 	C:\Program Files\Java\jre1.8.0_191\bin\api-ms-win-core-heap-l1-1-0.dll
0x0000000019d90000 - 0x0000000019d93000 	C:\Program Files\Java\jre1.8.0_191\bin\api-ms-win-core-interlocked-l1-1-0.dll
0x0000000019da0000 - 0x0000000019da3000 	C:\Program Files\Java\jre1.8.0_191\bin\api-ms-win-core-libraryloader-l1-1-0.dll
0x0000000019db0000 - 0x0000000019db3000 	C:\Program Files\Java\jre1.8.0_191\bin\api-ms-win-core-localization-l1-2-0.dll
0x0000000019dc0000 - 0x0000000019dc3000 	C:\Program Files\Java\jre1.8.0_191\bin\api-ms-win-core-memory-l1-1-0.dll
0x0000000019dd0000 - 0x0000000019dd3000 	C:\Program Files\Java\jre1.8.0_191\bin\api-ms-win-core-namedpipe-l1-1-0.dll
0x0000000019de0000 - 0x0000000019de3000 	C:\Program Files\Java\jre1.8.0_191\bin\api-ms-win-core-processenvironment-l1-1-0.dll
0x0000000019df0000 - 0x0000000019df3000 	C:\Program Files\Java\jre1.8.0_191\bin\api-ms-win-core-processthreads-l1-1-0.dll
0x0000000019e00000 - 0x0000000019e03000 	C:\Program Files\Java\jre1.8.0_191\bin\api-ms-win-core-processthreads-l1-1-1.dll
0x0000000019e10000 - 0x0000000019e13000 	C:\Program Files\Java\jre1.8.0_191\bin\api-ms-win-core-profile-l1-1-0.dll
0x0000000019e20000 - 0x0000000019e23000 	C:\Program Files\Java\jre1.8.0_191\bin\api-ms-win-core-rtlsupport-l1-1-0.dll
0x0000000019e30000 - 0x0000000019e33000 	C:\Program Files\Java\jre1.8.0_191\bin\api-ms-win-core-string-l1-1-0.dll
0x0000000019e40000 - 0x0000000019e43000 	C:\Program Files\Java\jre1.8.0_191\bin\api-ms-win-core-synch-l1-1-0.dll
0x0000000019e50000 - 0x0000000019e53000 	C:\Program Files\Java\jre1.8.0_191\bin\api-ms-win-core-synch-l1-2-0.dll
0x0000000019e60000 - 0x0000000019e63000 	C:\Program Files\Java\jre1.8.0_191\bin\api-ms-win-core-sysinfo-l1-1-0.dll
0x0000000019e70000 - 0x0000000019e73000 	C:\Program Files\Java\jre1.8.0_191\bin\api-ms-win-core-timezone-l1-1-0.dll
0x0000000019e80000 - 0x0000000019e83000 	C:\Program Files\Java\jre1.8.0_191\bin\api-ms-win-core-util-l1-1-0.dll
0x0000000019e90000 - 0x0000000019e93000 	C:\Program Files\Java\jre1.8.0_191\bin\api-ms-win-crt-conio-l1-1-0.dll
0x0000000019ea0000 - 0x0000000019ea4000 	C:\Program Files\Java\jre1.8.0_191\bin\api-ms-win-crt-convert-l1-1-0.dll
0x0000000019eb0000 - 0x0000000019eb3000 	C:\Program Files\Java\jre1.8.0_191\bin\api-ms-win-crt-environment-l1-1-0.dll
0x0000000019ec0000 - 0x0000000019ec3000 	C:\Program Files\Java\jre1.8.0_191\bin\api-ms-win-crt-filesystem-l1-1-0.dll
0x0000000019ed0000 - 0x0000000019ed3000 	C:\Program Files\Java\jre1.8.0_191\bin\api-ms-win-crt-heap-l1-1-0.dll
0x0000000019ee0000 - 0x0000000019ee3000 	C:\Program Files\Java\jre1.8.0_191\bin\api-ms-win-crt-locale-l1-1-0.dll
0x0000000019ef0000 - 0x0000000019ef5000 	C:\Program Files\Java\jre1.8.0_191\bin\api-ms-win-crt-math-l1-1-0.dll
0x0000000019f00000 - 0x0000000019f05000 	C:\Program Files\Java\jre1.8.0_191\bin\api-ms-win-crt-multibyte-l1-1-0.dll
0x0000000019f10000 - 0x0000000019f20000 	C:\Program Files\Java\jre1.8.0_191\bin\api-ms-win-crt-private-l1-1-0.dll
0x0000000019f20000 - 0x0000000019f23000 	C:\Program Files\Java\jre1.8.0_191\bin\api-ms-win-crt-process-l1-1-0.dll
0x0000000019f30000 - 0x0000000019f34000 	C:\Program Files\Java\jre1.8.0_191\bin\api-ms-win-crt-runtime-l1-1-0.dll
0x0000000019f40000 - 0x0000000019f44000 	C:\Program Files\Java\jre1.8.0_191\bin\api-ms-win-crt-stdio-l1-1-0.dll
0x0000000019f50000 - 0x0000000019f54000 	C:\Program Files\Java\jre1.8.0_191\bin\api-ms-win-crt-string-l1-1-0.dll
0x0000000019f60000 - 0x0000000019f63000 	C:\Program Files\Java\jre1.8.0_191\bin\api-ms-win-crt-time-l1-1-0.dll
0x0000000019f70000 - 0x0000000019f73000 	C:\Program Files\Java\jre1.8.0_191\bin\api-ms-win-crt-utility-l1-1-0.dll
0x00007ffb15680000 - 0x00007ffb15776000 	C:\Program Files\Java\jre1.8.0_191\bin\ucrtbase.dll
0x00007ffb35630000 - 0x00007ffb35646000 	C:\Program Files\Java\jre1.8.0_191\bin\vcruntime140.dll
0x00007ffb22770000 - 0x00007ffb2280c000 	C:\Program Files\Java\jre1.8.0_191\bin\msvcp140.dll
0x00007ffb1bf80000 - 0x00007ffb1bfd1000 	C:\Program Files\Java\jre1.8.0_191\bin\concrt140.dll
0x00000000685a0000 - 0x00000000685c3000 	C:\Program Files\Java\jre1.8.0_191\bin\prism_d3d.dll
0x00007ffafea50000 - 0x00007ffafebe7000 	C:\WINDOWS\system32\d3d9.dll
0x00007ffb483a0000 - 0x00007ffb483c9000 	C:\WINDOWS\SYSTEM32\dwmapi.dll
0x00007ffb48140000 - 0x00007ffb481d8000 	C:\WINDOWS\system32\uxtheme.dll
0x00007ffb0c710000 - 0x00007ffb0c8e7000 	C:\WINDOWS\System32\DriverStore\FileRepository\igdlh64.inf_amd64_7948ecc1af5c27e1\igdumdim64.dll
0x00007ffae1d90000 - 0x00007ffae4d8d000 	C:\WINDOWS\System32\DriverStore\FileRepository\igdlh64.inf_amd64_7948ecc1af5c27e1\igd9dxva64.dll
0x00007ffb4d790000 - 0x00007ffb4d8e1000 	C:\WINDOWS\System32\ole32.dll
0x00007ffb4bad0000 - 0x00007ffb4bb92000 	C:\WINDOWS\System32\OLEAUT32.dll
0x0000000068550000 - 0x0000000068599000 	C:\Program Files\Java\jre1.8.0_191\bin\glass.dll
0x00007ffb4d0e0000 - 0x00007ffb4d1cd000 	C:\WINDOWS\System32\COMDLG32.dll
0x00007ffb4adf0000 - 0x00007ffb4af64000 	C:\WINDOWS\System32\MSCTF.dll
0x00007ffb416d0000 - 0x00007ffb43465000 	C:\WINDOWS\System32\DriverStore\FileRepository\igdlh64.inf_amd64_7948ecc1af5c27e1\igc64.dll
0x0000000069b90000 - 0x0000000069b9d000 	C:\Program Files\Java\jre1.8.0_191\bin\management.dll
0x000000006a0f0000 - 0x000000006a10a000 	C:\Program Files\Java\jre1.8.0_191\bin\net.dll
0x00007ffb494b0000 - 0x00007ffb49516000 	C:\WINDOWS\system32\mswsock.dll
0x00007ffb2d480000 - 0x00007ffb2d496000 	C:\WINDOWS\system32\napinsp.dll
0x00007ffb2c040000 - 0x00007ffb2c05a000 	C:\WINDOWS\system32\pnrpnsp.dll
0x00007ffb46560000 - 0x00007ffb46579000 	C:\WINDOWS\system32\NLAapi.dll
0x00007ffb49270000 - 0x00007ffb4932e000 	C:\WINDOWS\SYSTEM32\DNSAPI.dll
0x00007ffb4af70000 - 0x00007ffb4af78000 	C:\WINDOWS\System32\NSI.dll
0x00007ffb49230000 - 0x00007ffb49268000 	C:\WINDOWS\SYSTEM32\IPHLPAPI.DLL
0x00007ffb2c020000 - 0x00007ffb2c02e000 	C:\WINDOWS\System32\winrnr.dll
0x00007ffb2c000000 - 0x00007ffb2c015000 	C:\WINDOWS\System32\wshbth.dll
0x00007ffb3f530000 - 0x00007ffb3f53a000 	C:\Windows\System32\rasadhlp.dll
0x00007ffb3fc90000 - 0x00007ffb3fd02000 	C:\WINDOWS\System32\fwpuclnt.dll
0x00007ffb49790000 - 0x00007ffb497b5000 	C:\WINDOWS\SYSTEM32\bcrypt.dll
0x0000000069c80000 - 0x0000000069c91000 	C:\Program Files\Java\jre1.8.0_191\bin\nio.dll
0x00007ffb49660000 - 0x00007ffb49677000 	C:\WINDOWS\SYSTEM32\CRYPTSP.dll
0x00007ffb49090000 - 0x00007ffb490c3000 	C:\WINDOWS\system32\rsaenh.dll
0x00007ffb49b30000 - 0x00007ffb49b58000 	C:\WINDOWS\SYSTEM32\USERENV.dll
0x00007ffb49680000 - 0x00007ffb4968b000 	C:\WINDOWS\SYSTEM32\CRYPTBASE.dll
0x00007ffb40310000 - 0x00007ffb40326000 	C:\WINDOWS\SYSTEM32\dhcpcsvc6.DLL
0x00007ffb40250000 - 0x00007ffb4026a000 	C:\WINDOWS\SYSTEM32\dhcpcsvc.DLL

VM Arguments:
jvm_args: -Dfile.encoding=Cp1252 
java_command: controller.MainBibliothek
java_class_path (initial): C:\Users\claus\Desktop\Workspace\eUc_pB\target\classes;C:\Users\claus\.m2\repository\log4j\log4j\1.2.17\log4j-1.2.17.jar;C:\Users\claus\.m2\repository\org\controlsfx\controlsfx\8.40.12\controlsfx-8.40.12.jar;C:\Users\claus\.m2\repository\org\hibernate\hibernate-core\5.3.2.Final\hibernate-core-5.3.2.Final.jar;C:\Users\claus\.m2\repository\javax\persistence\javax.persistence-api\2.2\javax.persistence-api-2.2.jar;C:\Users\claus\.m2\repository\org\jboss\spec\javax\transaction\jboss-transaction-api_1.2_spec\1.1.1.Final\jboss-transaction-api_1.2_spec-1.1.1.Final.jar;C:\Users\claus\.m2\repository\com\fasterxml\classmate\1.3.4\classmate-1.3.4.jar;C:\Users\claus\.m2\repository\javax\activation\javax.activation-api\1.2.0\javax.activation-api-1.2.0.jar;C:\Users\claus\.m2\repository\org\hibernate\common\hibernate-commons-annotations\5.0.4.Final\hibernate-commons-annotations-5.0.4.Final.jar;C:\Users\claus\.m2\repository\org\hibernate\hibernate-tools\5.3.4.Final\hibernate-tools-5.3.4.Final.jar;C:\Users\claus\.m2\repository\commons-collections\commons-collections\3.2.2\commons-collections-3.2.2.jar;C:\Users\claus\.m2\repository\jaxen\jaxen\1.1.6\jaxen-1.1.6.jar;C:\Users\claus\.m2\repository\org\apache\ant\ant\1.10.1\ant-1.10.1.jar;C:\Users\claus\.m2\repository\org\apache\ant\ant-launcher\1.10.1\ant-launcher-1.10.1.jar;C:\Users\claus\.m2\repository\org\eclipse\jdt\org.eclipse.jdt.core\3.12.2\org.eclipse.jdt.core-3.12.2.jar;C:\Users\claus\.m2\repository\org\eclipse\platform\org.eclipse.core.resources\3.13.100\org.eclipse.core.resources-3.13.100.jar;C:\Users\claus\.m2\repository\org\eclipse\platform\org.eclipse.core.expressions\3.6.200\org.eclipse.core.expressions-3.6.200.jar;C:\Users\claus\.m2\repository\org\eclipse\platform\org.eclipse.core.runtime\3.15.0\org.eclipse.core.runtime-3.15.0.jar;C:\Users\claus\.m2\repository\org\eclipse\platform\org.eclipse.osgi\3.13.100\org.eclipse.osgi-3.13.100.jar;C:\Users\claus\.m2\repository\org\eclipse\platform\org.ecl
Launcher Type: SUN_STANDARD

Environment Variables:
JAVA_HOME=C:\Program Files\Java\jdk1.8.0_191
PATH=C:/Program Files/Java/jre1.8.0_191/bin/server;C:/Program Files/Java/jre1.8.0_191/bin;C:/Program Files/Java/jre1.8.0_191/lib/amd64;C:\Program Files (x86)\Common Files\Oracle\Java\javapath;C:\ProgramData\Oracle\Java\javapath;C:\WINDOWS\system32;C:\WINDOWS;C:\WINDOWS\System32\Wbem;C:\WINDOWS\System32\WindowsPowerShell\v1.0\;C:\Program Files (x86)\GtkSharp\2.12\bin;C:\Program Files\Git\cmd;C:\Program Files (x86)\Brackets\command;C:\WINDOWS\System32\OpenSSH\;C:\Program Files\nodejs\;C:\Program Files\Microsoft VS Code\bin;C:\Program Files\Apache\maven\bin;C:\Program Files (x86)\sqlite-tools-win32-x86-3220000;C:\Program Files\Microsoft VS Code\bin;C:\Users\claus\AppData\Local\Microsoft\WindowsApps;C:\Users\claus\AppData\Roaming\npm;C:\WINDOWS\system32;
USERNAME=carsten
OS=Windows_NT
PROCESSOR_IDENTIFIER=Intel64 Family 6 Model 78 Stepping 3, GenuineIntel



---------------  S Y S T E M  ---------------

OS: Windows 10.0 , 64 bit Build 17134 (10.0.17134.1)

CPU:total 4 (initial active 4) (2 cores per cpu, 2 threads per core) family 6 model 78 stepping 3, cmov, cx8, fxsr, mmx, sse, sse2, sse3, ssse3, sse4.1, sse4.2, popcnt, avx, avx2, aes, clmul, erms, rtm, 3dnowpref, lzcnt, ht, tsc, tscinvbit, bmi1, bmi2, adx

Memory: 4k page, physical 8238856k(521160k free), swap 33404680k(4296k free)

vm_info: Java HotSpot(TM) 64-Bit Server VM (25.191-b12) for windows-amd64 JRE (1.8.0_191-b12), built on Oct  6 2018 09:29:03 by "java_re" with MS VC++ 10.0 (VS2010)

time: Tue Nov 13 19:23:47 2018
elapsed time: 5 seconds (0d 0h 0m 5s)

