#
# There is insufficient memory for the Java Runtime Environment to continue.
# Native memory allocation (malloc) failed to allocate 65552 bytes for Chunk::new
# Possible reasons:
#   The system is out of physical RAM or swap space
#   In 32 bit mode, the process size limit was hit
# Possible solutions:
#   Reduce memory load on the system
#   Increase physical memory or swap space
#   Check if swap backing store is full
#   Use 64 bit Java on a 64 bit OS
#   Decrease Java heap size (-Xmx/-Xms)
#   Decrease number of Java threads
#   Decrease Java thread stack sizes (-Xss)
#   Set larger code cache with -XX:ReservedCodeCacheSize=
# This output file may be truncated or incomplete.
#
#  Out of Memory Error (allocation.cpp:390), pid=1540, tid=0x000000000000589c
#
# JRE version: Java(TM) SE Runtime Environment (8.0_191-b12) (build 1.8.0_191-b12)
# Java VM: Java HotSpot(TM) 64-Bit Server VM (25.191-b12 mixed mode windows-amd64 compressed oops)
# Failed to write core dump. Minidumps are not enabled by default on client versions of Windows
#

---------------  T H R E A D  ---------------

Current thread (0x0000000017208000):  JavaThread "C2 CompilerThread0" daemon [_thread_in_native, id=22684, stack(0x0000000018890000,0x0000000018990000)]

Stack: [0x0000000018890000,0x0000000018990000]
[error occurred during error reporting (printing stack bounds), id 0xc0000005]

Native frames: (J=compiled Java code, j=interpreted, Vv=VM code, C=native code)


Current CompileTask:
C2:   2461 1169   !   4       java.net.URL::<init> (543 bytes)


---------------  P R O C E S S  ---------------

Java Threads: ( => current thread )
  0x0000000018bb3000 JavaThread "Service Thread" daemon [_thread_blocked, id=22932, stack(0x0000000018f90000,0x0000000019090000)]
  0x0000000017218800 JavaThread "C1 CompilerThread2" daemon [_thread_in_native, id=22940, stack(0x0000000018a90000,0x0000000018b90000)]
  0x000000001720a000 JavaThread "C2 CompilerThread1" daemon [_thread_blocked, id=22572, stack(0x0000000018990000,0x0000000018a90000)]
=>0x0000000017208000 JavaThread "C2 CompilerThread0" daemon [_thread_in_native, id=22684, stack(0x0000000018890000,0x0000000018990000)]
  0x0000000017204000 JavaThread "Attach Listener" daemon [_thread_blocked, id=22032, stack(0x0000000018790000,0x0000000018890000)]
  0x0000000017203000 JavaThread "Signal Dispatcher" daemon [_thread_blocked, id=23516, stack(0x0000000018690000,0x0000000018790000)]
  0x00000000171ea000 JavaThread "Finalizer" daemon [_thread_blocked, id=11800, stack(0x0000000018470000,0x0000000018570000)]
  0x0000000002734000 JavaThread "Reference Handler" daemon [_thread_blocked, id=22648, stack(0x0000000018370000,0x0000000018470000)]
  0x0000000002643800 JavaThread "main" [_thread_in_vm, id=22568, stack(0x0000000002510000,0x0000000002610000)]

Other Threads:
  0x00000000171c8000 VMThread [stack: 0x0000000018270000,0x0000000018370000] [id=22564]
  0x0000000018bb4800 WatcherThread [stack: 0x0000000019090000,0x0000000019190000] [id=22616]

VM state:not at safepoint (normal execution)

VM Mutex/Monitor currently owned by a thread: None

Heap:
 PSYoungGen      total 37888K, used 32533K [0x00000000d6180000, 0x00000000d8b80000, 0x0000000100000000)
  eden space 32768K, 83% used [0x00000000d6180000,0x00000000d7c46b78,0x00000000d8180000)
  from space 5120K, 99% used [0x00000000d8680000,0x00000000d8b7ebc8,0x00000000d8b80000)
  to   space 5120K, 0% used [0x00000000d8180000,0x00000000d8180000,0x00000000d8680000)
 ParOldGen       total 86016K, used 231K [0x0000000082400000, 0x0000000087800000, 0x00000000d6180000)
  object space 86016K, 0% used [0x0000000082400000,0x0000000082439e50,0x0000000087800000)
 Metaspace       used 19341K, capacity 19582K, committed 19968K, reserved 1069056K
  class space    used 2698K, capacity 2784K, committed 2816K, reserved 1048576K

Card table byte_map: [0x0000000011b00000,0x0000000011ef0000] byte_map_base: 0x00000000116ee000

Marking Bits: (ParMarkBitMap*) 0x000000006ad73e30
 Begin Bits: [0x0000000012590000, 0x0000000014500000)
 End Bits:   [0x0000000014500000, 0x0000000016470000)

Polling page: 0x0000000000820000

CodeCache: size=245760Kb used=4123Kb max_used=4135Kb free=241636Kb
 bounds [0x0000000002740000, 0x0000000002b50000, 0x0000000011740000]
 total_blobs=1571 nmethods=1167 adapters=316
 compilation: enabled

Compilation events (10 events):
Event: 2.406 Thread 0x0000000017218800 nmethod 1164 0x0000000002b46f10 code [0x0000000002b47060, 0x0000000002b47210]
Event: 2.407 Thread 0x0000000017218800 1165       3       jdk.internal.org.objectweb.asm.AnnotationWriter::<init> (34 bytes)
Event: 2.407 Thread 0x0000000017218800 nmethod 1165 0x0000000002b46a10 code [0x0000000002b46b80, 0x0000000002b46e08]
Event: 2.407 Thread 0x0000000017218800 1166       3       jdk.internal.org.objectweb.asm.AnnotationVisitor::<init> (7 bytes)
Event: 2.407 Thread 0x0000000017218800 nmethod 1166 0x0000000002b46390 code [0x0000000002b46520, 0x0000000002b46888]
Event: 2.407 Thread 0x0000000017218800 1167       3       jdk.internal.org.objectweb.asm.AnnotationWriter::visitEnd (43 bytes)
Event: 2.407 Thread 0x0000000017218800 nmethod 1167 0x0000000002b45f10 code [0x0000000002b46080, 0x0000000002b46270]
Event: 2.408 Thread 0x000000001720a000 1168 % !   4       java.util.concurrent.ConcurrentHashMap::transfer @ 99 (832 bytes)
Event: 2.428 Thread 0x000000001720a000 nmethod 1168% 0x0000000002b4ac90 code [0x0000000002b4ae20, 0x0000000002b4bbc8]
Event: 2.431 Thread 0x0000000017208000 1169   !   4       java.net.URL::<init> (543 bytes)

GC Heap History (4 events):
Event: 0.378 GC heap before
{Heap before GC invocations=1 (full 0):
 PSYoungGen      total 37888K, used 32760K [0x00000000d6180000, 0x00000000d8b80000, 0x0000000100000000)
  eden space 32768K, 99% used [0x00000000d6180000,0x00000000d817e0e0,0x00000000d8180000)
  from space 5120K, 0% used [0x00000000d8680000,0x00000000d8680000,0x00000000d8b80000)
  to   space 5120K, 0% used [0x00000000d8180000,0x00000000d8180000,0x00000000d8680000)
 ParOldGen       total 86016K, used 0K [0x0000000082400000, 0x0000000087800000, 0x00000000d6180000)
  object space 86016K, 0% used [0x0000000082400000,0x0000000082400000,0x0000000087800000)
 Metaspace       used 2639K, capacity 4486K, committed 4864K, reserved 1056768K
  class space    used 292K, capacity 386K, committed 512K, reserved 1048576K
Event: 0.379 GC heap after
Heap after GC invocations=1 (full 0):
 PSYoungGen      total 37888K, used 607K [0x00000000d6180000, 0x00000000d8b80000, 0x0000000100000000)
  eden space 32768K, 0% used [0x00000000d6180000,0x00000000d6180000,0x00000000d8180000)
  from space 5120K, 11% used [0x00000000d8180000,0x00000000d8217f50,0x00000000d8680000)
  to   space 5120K, 0% used [0x00000000d8680000,0x00000000d8680000,0x00000000d8b80000)
 ParOldGen       total 86016K, used 8K [0x0000000082400000, 0x0000000087800000, 0x00000000d6180000)
  object space 86016K, 0% used [0x0000000082400000,0x0000000082402000,0x0000000087800000)
 Metaspace       used 2639K, capacity 4486K, committed 4864K, reserved 1056768K
  class space    used 292K, capacity 386K, committed 512K, reserved 1048576K
}
Event: 1.514 GC heap before
{Heap before GC invocations=2 (full 0):
 PSYoungGen      total 37888K, used 33375K [0x00000000d6180000, 0x00000000d8b80000, 0x0000000100000000)
  eden space 32768K, 100% used [0x00000000d6180000,0x00000000d8180000,0x00000000d8180000)
  from space 5120K, 11% used [0x00000000d8180000,0x00000000d8217f50,0x00000000d8680000)
  to   space 5120K, 0% used [0x00000000d8680000,0x00000000d8680000,0x00000000d8b80000)
 ParOldGen       total 86016K, used 8K [0x0000000082400000, 0x0000000087800000, 0x00000000d6180000)
  object space 86016K, 0% used [0x0000000082400000,0x0000000082402000,0x0000000087800000)
 Metaspace       used 10401K, capacity 10564K, committed 10880K, reserved 1058816K
  class space    used 1268K, capacity 1301K, committed 1408K, reserved 1048576K
Event: 1.522 GC heap after
Heap after GC invocations=2 (full 0):
 PSYoungGen      total 37888K, used 5114K [0x00000000d6180000, 0x00000000d8b80000, 0x0000000100000000)
  eden space 32768K, 0% used [0x00000000d6180000,0x00000000d6180000,0x00000000d8180000)
  from space 5120K, 99% used [0x00000000d8680000,0x00000000d8b7ebc8,0x00000000d8b80000)
  to   space 5120K, 0% used [0x00000000d8180000,0x00000000d8180000,0x00000000d8680000)
 ParOldGen       total 86016K, used 231K [0x0000000082400000, 0x0000000087800000, 0x00000000d6180000)
  object space 86016K, 0% used [0x0000000082400000,0x0000000082439e50,0x0000000087800000)
 Metaspace       used 10401K, capacity 10564K, committed 10880K, reserved 1058816K
  class space    used 1268K, capacity 1301K, committed 1408K, reserved 1048576K
}

Deoptimization events (10 events):
Event: 1.174 Thread 0x0000000002643800 Uncommon trap: reason=unstable_if action=reinterpret pc=0x000000000297be24 method=sun.net.www.ParseUtil.encodePath(Ljava/lang/String;Z)Ljava/lang/String; @ 109
Event: 1.196 Thread 0x0000000002643800 Uncommon trap: reason=unstable_if action=reinterpret pc=0x00000000029641ec method=java.util.HashMap.getNode(ILjava/lang/Object;)Ljava/util/HashMap$Node; @ 62
Event: 1.196 Thread 0x0000000002643800 Uncommon trap: reason=unstable_if action=reinterpret pc=0x000000000295b2d0 method=java.util.HashMap.getNode(ILjava/lang/Object;)Ljava/util/HashMap$Node; @ 62
Event: 1.399 Thread 0x0000000002643800 Uncommon trap: reason=unstable_if action=reinterpret pc=0x00000000029db930 method=java.util.HashMap.getNode(ILjava/lang/Object;)Ljava/util/HashMap$Node; @ 129
Event: 1.399 Thread 0x0000000002643800 Uncommon trap: reason=unstable_if action=reinterpret pc=0x00000000029c7d7c method=java.util.HashMap.getNode(ILjava/lang/Object;)Ljava/util/HashMap$Node; @ 129
Event: 1.402 Thread 0x0000000002643800 Uncommon trap: reason=range_check action=make_not_entrant pc=0x000000000299a6e0 method=sun.reflect.generics.parser.SignatureParser.current()C @ 34
Event: 1.881 Thread 0x0000000002643800 Uncommon trap: reason=unstable_if action=reinterpret pc=0x00000000029fc708 method=java.util.HashMap.hash(Ljava/lang/Object;)I @ 1
Event: 2.015 Thread 0x0000000002643800 Uncommon trap: reason=unstable_if action=reinterpret pc=0x000000000299ce08 method=java.lang.AbstractStringBuilder.append(Ljava/lang/String;)Ljava/lang/AbstractStringBuilder; @ 1
Event: 2.318 Thread 0x0000000002643800 Uncommon trap: reason=unstable_if action=reinterpret pc=0x00000000029cc034 method=java.io.WinNTFileSystem.normalize(Ljava/lang/String;)Ljava/lang/String; @ 128
Event: 2.358 Thread 0x0000000002643800 Uncommon trap: reason=unstable_if action=reinterpret pc=0x0000000002b32d90 method=java.util.concurrent.ConcurrentHashMap.putVal(Ljava/lang/Object;Ljava/lang/Object;Z)Ljava/lang/Object; @ 206

Classes redefined (0 events):
No events

Internal exceptions (10 events):
Event: 0.592 Thread 0x0000000002643800 Exception <a 'java/security/PrivilegedActionException'> (0x00000000d661b438) thrown at [C:\re\workspace\8-2-build-windows-amd64-cygwin\jdk8u191\11896\hotspot\src\share\vm\prims\jvm.cpp, line 1435]
Event: 0.592 Thread 0x0000000002643800 Exception <a 'java/security/PrivilegedActionException'> (0x00000000d661b830) thrown at [C:\re\workspace\8-2-build-windows-amd64-cygwin\jdk8u191\11896\hotspot\src\share\vm\prims\jvm.cpp, line 1435]
Event: 1.403 Thread 0x0000000002643800 Exception <a 'java/lang/ArrayIndexOutOfBoundsException': 18> (0x00000000d7e1eef8) thrown at [C:\re\workspace\8-2-build-windows-amd64-cygwin\jdk8u191\11896\hotspot\src\share\vm\interpreter\interpreterRuntime.cpp, line 366]
Event: 1.403 Thread 0x0000000002643800 Exception <a 'java/lang/ArrayIndexOutOfBoundsException': 110> (0x00000000d7e20450) thrown at [C:\re\workspace\8-2-build-windows-amd64-cygwin\jdk8u191\11896\hotspot\src\share\vm\interpreter\interpreterRuntime.cpp, line 366]
Event: 1.631 Thread 0x0000000002643800 Exception <a 'java/lang/NoSuchFieldError': method resolution failed> (0x00000000d64cf1b0) thrown at [C:\re\workspace\8-2-build-windows-amd64-cygwin\jdk8u191\11896\hotspot\src\share\vm\prims\methodHandles.cpp, line 1167]
Event: 1.633 Thread 0x0000000002643800 Exception <a 'java/lang/NoSuchFieldError': method resolution failed> (0x00000000d64dc4a0) thrown at [C:\re\workspace\8-2-build-windows-amd64-cygwin\jdk8u191\11896\hotspot\src\share\vm\prims\methodHandles.cpp, line 1167]
Event: 1.868 Thread 0x0000000002643800 Exception <a 'java/lang/ClassNotFoundException': com/sun/org/glassfish/hk2/osgiresourcelocator/ServiceLoader> (0x00000000d70f60c0) thrown at [C:\re\workspace\8-2-build-windows-amd64-cygwin\jdk8u191\11896\hotspot\src\share\vm\classfile\systemDictionary.cpp
Event: 1.872 Thread 0x0000000002643800 Exception <a 'java/lang/NullPointerException'> (0x00000000d7100560) thrown at [C:\re\workspace\8-2-build-windows-amd64-cygwin\jdk8u191\11896\hotspot\src\share\vm\interpreter\linkResolver.cpp, line 1287]
Event: 1.881 Thread 0x0000000002643800 Implicit null exception at 0x00000000029fc0bb to 0x00000000029fc6ed
Event: 2.015 Thread 0x0000000002643800 Implicit null exception at 0x000000000299ca56 to 0x000000000299cdf1

Events (10 events):
Event: 2.448 loading class org/hibernate/type/AdaptedImmutableType done
Event: 2.448 loading class org/hibernate/type/TypeFactory
Event: 2.448 loading class org/hibernate/type/TypeFactory done
Event: 2.449 loading class org/hibernate/type/CollectionType
Event: 2.449 loading class org/hibernate/type/CollectionType done
Event: 2.450 loading class org/hibernate/type/ArrayType
Event: 2.450 loading class org/hibernate/type/ArrayType done
Event: 2.451 loading class org/hibernate/type/ListType
Event: 2.451 loading class org/hibernate/type/ListType done
Event: 2.451 loading class org/hibernate/type/SetType


Dynamic libraries:
0x00007ff65e1b0000 - 0x00007ff65e1e7000 	C:\Program Files\Java\jre1.8.0_191\bin\javaw.exe
0x00007ffa66010000 - 0x00007ffa661f1000 	C:\WINDOWS\SYSTEM32\ntdll.dll
0x00007ffa647e0000 - 0x00007ffa64892000 	C:\WINDOWS\System32\KERNEL32.DLL
0x00007ffa62e20000 - 0x00007ffa63093000 	C:\WINDOWS\System32\KERNELBASE.dll
0x00007ffa64720000 - 0x00007ffa647c1000 	C:\WINDOWS\System32\ADVAPI32.dll
0x00007ffa63980000 - 0x00007ffa63a1e000 	C:\WINDOWS\System32\msvcrt.dll
0x00007ffa65f50000 - 0x00007ffa65fab000 	C:\WINDOWS\System32\sechost.dll
0x00007ffa642c0000 - 0x00007ffa643e4000 	C:\WINDOWS\System32\RPCRT4.dll
0x00007ffa64590000 - 0x00007ffa64720000 	C:\WINDOWS\System32\USER32.dll
0x00007ffa63290000 - 0x00007ffa632b0000 	C:\WINDOWS\System32\win32u.dll
0x00007ffa640b0000 - 0x00007ffa640d8000 	C:\WINDOWS\System32\GDI32.dll
0x00007ffa630f0000 - 0x00007ffa63282000 	C:\WINDOWS\System32\gdi32full.dll
0x00007ffa62c70000 - 0x00007ffa62d0f000 	C:\WINDOWS\System32\msvcp_win.dll
0x00007ffa62af0000 - 0x00007ffa62bea000 	C:\WINDOWS\System32\ucrtbase.dll
0x00007ffa4fc40000 - 0x00007ffa4fea9000 	C:\WINDOWS\WinSxS\amd64_microsoft.windows.common-controls_6595b64144ccf1df_6.0.17134.345_none_fb429a5930656358\COMCTL32.dll
0x00007ffa63650000 - 0x00007ffa63973000 	C:\WINDOWS\System32\combase.dll
0x00007ffa62bf0000 - 0x00007ffa62c6a000 	C:\WINDOWS\System32\bcryptPrimitives.dll
0x00007ffa65fb0000 - 0x00007ffa65fdd000 	C:\WINDOWS\System32\IMM32.DLL
0x0000000069c90000 - 0x0000000069d62000 	C:\Program Files\Java\jre1.8.0_191\bin\msvcr100.dll
0x000000006a550000 - 0x000000006adf4000 	C:\Program Files\Java\jre1.8.0_191\bin\server\jvm.dll
0x00007ffa63550000 - 0x00007ffa63558000 	C:\WINDOWS\System32\PSAPI.DLL
0x00007ffa576c0000 - 0x00007ffa576c9000 	C:\WINDOWS\SYSTEM32\WSOCK32.dll
0x00007ffa644c0000 - 0x00007ffa6452c000 	C:\WINDOWS\System32\WS2_32.dll
0x00007ffa5fd90000 - 0x00007ffa5fdb3000 	C:\WINDOWS\SYSTEM32\WINMM.dll
0x00007ffa55d50000 - 0x00007ffa55d5a000 	C:\WINDOWS\SYSTEM32\VERSION.dll
0x00007ffa5fa20000 - 0x00007ffa5fa4a000 	C:\WINDOWS\SYSTEM32\WINMMBASE.dll
0x00007ffa630a0000 - 0x00007ffa630e9000 	C:\WINDOWS\System32\cfgmgr32.dll
0x000000006af50000 - 0x000000006af5f000 	C:\Program Files\Java\jre1.8.0_191\bin\verify.dll
0x000000006af20000 - 0x000000006af49000 	C:\Program Files\Java\jre1.8.0_191\bin\java.dll
0x000000006af00000 - 0x000000006af16000 	C:\Program Files\Java\jre1.8.0_191\bin\zip.dll
0x00007ffa648b0000 - 0x00007ffa65cef000 	C:\WINDOWS\System32\SHELL32.dll
0x00007ffa634a0000 - 0x00007ffa63549000 	C:\WINDOWS\System32\shcore.dll
0x00007ffa623e0000 - 0x00007ffa62aed000 	C:\WINDOWS\System32\windows.storage.dll
0x00007ffa65ef0000 - 0x00007ffa65f41000 	C:\WINDOWS\System32\shlwapi.dll
0x00007ffa62340000 - 0x00007ffa62351000 	C:\WINDOWS\System32\kernel.appcore.dll
0x00007ffa62360000 - 0x00007ffa6237f000 	C:\WINDOWS\System32\profapi.dll
0x00007ffa62380000 - 0x00007ffa623cc000 	C:\WINDOWS\System32\powrprof.dll
0x00007ffa623d0000 - 0x00007ffa623da000 	C:\WINDOWS\System32\FLTLIB.DLL
0x000000006c550000 - 0x000000006c55d000 	C:\Program Files\Java\jre1.8.0_191\bin\management.dll
0x000000006c5d0000 - 0x000000006c5ea000 	C:\Program Files\Java\jre1.8.0_191\bin\net.dll
0x00007ffa61b40000 - 0x00007ffa61ba6000 	C:\WINDOWS\system32\mswsock.dll
0x00007ffa4aa10000 - 0x00007ffa4aa26000 	C:\WINDOWS\system32\napinsp.dll
0x00007ffa48b60000 - 0x00007ffa48b7a000 	C:\WINDOWS\system32\pnrpnsp.dll
0x00007ffa5e950000 - 0x00007ffa5e969000 	C:\WINDOWS\system32\NLAapi.dll
0x00007ffa61900000 - 0x00007ffa619be000 	C:\WINDOWS\SYSTEM32\DNSAPI.dll
0x00007ffa648a0000 - 0x00007ffa648a8000 	C:\WINDOWS\System32\NSI.dll
0x00007ffa618c0000 - 0x00007ffa618f8000 	C:\WINDOWS\SYSTEM32\IPHLPAPI.DLL
0x00007ffa50070000 - 0x00007ffa5007e000 	C:\WINDOWS\System32\winrnr.dll
0x00007ffa50050000 - 0x00007ffa50065000 	C:\WINDOWS\System32\wshbth.dll
0x00007ffa57d00000 - 0x00007ffa57d0a000 	C:\Windows\System32\rasadhlp.dll
0x00007ffa583d0000 - 0x00007ffa58442000 	C:\WINDOWS\System32\fwpuclnt.dll
0x00007ffa61e80000 - 0x00007ffa61ea5000 	C:\WINDOWS\SYSTEM32\bcrypt.dll
0x000000006c5b0000 - 0x000000006c5c1000 	C:\Program Files\Java\jre1.8.0_191\bin\nio.dll
0x00007ffa61cf0000 - 0x00007ffa61d07000 	C:\WINDOWS\SYSTEM32\CRYPTSP.dll
0x00007ffa61720000 - 0x00007ffa61753000 	C:\WINDOWS\system32\rsaenh.dll
0x00007ffa62220000 - 0x00007ffa62248000 	C:\WINDOWS\SYSTEM32\USERENV.dll
0x00007ffa61d10000 - 0x00007ffa61d1b000 	C:\WINDOWS\SYSTEM32\CRYPTBASE.dll
0x00007ffa58980000 - 0x00007ffa58996000 	C:\WINDOWS\SYSTEM32\dhcpcsvc6.DLL
0x00007ffa58a80000 - 0x00007ffa58a9a000 	C:\WINDOWS\SYSTEM32\dhcpcsvc.DLL

VM Arguments:
jvm_args: -Dfile.encoding=Cp1252 
java_command: demo.TestConnection
java_class_path (initial): C:\Users\claus\Desktop\Workspace\eUc_pB\target\classes;C:\Users\claus\.m2\repository\log4j\log4j\1.2.17\log4j-1.2.17.jar;C:\Users\claus\.m2\repository\org\controlsfx\controlsfx\8.40.12\controlsfx-8.40.12.jar;C:\Users\claus\.m2\repository\org\hibernate\hibernate-core\5.3.2.Final\hibernate-core-5.3.2.Final.jar;C:\Users\claus\.m2\repository\javax\persistence\javax.persistence-api\2.2\javax.persistence-api-2.2.jar;C:\Users\claus\.m2\repository\org\jboss\spec\javax\transaction\jboss-transaction-api_1.2_spec\1.1.1.Final\jboss-transaction-api_1.2_spec-1.1.1.Final.jar;C:\Users\claus\.m2\repository\com\fasterxml\classmate\1.3.4\classmate-1.3.4.jar;C:\Users\claus\.m2\repository\javax\activation\javax.activation-api\1.2.0\javax.activation-api-1.2.0.jar;C:\Users\claus\.m2\repository\org\hibernate\common\hibernate-commons-annotations\5.0.4.Final\hibernate-commons-annotations-5.0.4.Final.jar;C:\Users\claus\.m2\repository\org\hibernate\hibernate-tools\5.3.4.Final\hibernate-tools-5.3.4.Final.jar;C:\Users\claus\.m2\repository\commons-collections\commons-collections\3.2.2\commons-collections-3.2.2.jar;C:\Users\claus\.m2\repository\jaxen\jaxen\1.1.6\jaxen-1.1.6.jar;C:\Users\claus\.m2\repository\org\apache\ant\ant\1.10.1\ant-1.10.1.jar;C:\Users\claus\.m2\repository\org\apache\ant\ant-launcher\1.10.1\ant-launcher-1.10.1.jar;C:\Users\claus\.m2\repository\org\eclipse\jdt\org.eclipse.jdt.core\3.12.2\org.eclipse.jdt.core-3.12.2.jar;C:\Users\claus\.m2\repository\org\eclipse\platform\org.eclipse.core.resources\3.13.100\org.eclipse.core.resources-3.13.100.jar;C:\Users\claus\.m2\repository\org\eclipse\platform\org.eclipse.core.expressions\3.6.200\org.eclipse.core.expressions-3.6.200.jar;C:\Users\claus\.m2\repository\org\eclipse\platform\org.eclipse.core.runtime\3.15.0\org.eclipse.core.runtime-3.15.0.jar;C:\Users\claus\.m2\repository\org\eclipse\platform\org.eclipse.osgi\3.13.100\org.eclipse.osgi-3.13.100.jar;C:\Users\claus\.m2\repository\org\eclipse\platform\org.ecl
Launcher Type: SUN_STANDARD

Environment Variables:
JAVA_HOME=C:\Program Files\Java\jdk1.8.0_191
PATH=C:/Program Files/Java/jre1.8.0_191/bin/server;C:/Program Files/Java/jre1.8.0_191/bin;C:/Program Files/Java/jre1.8.0_191/lib/amd64;C:\Program Files (x86)\Common Files\Oracle\Java\javapath;C:\ProgramData\Oracle\Java\javapath;C:\WINDOWS\system32;C:\WINDOWS;C:\WINDOWS\System32\Wbem;C:\WINDOWS\System32\WindowsPowerShell\v1.0\;C:\Program Files (x86)\GtkSharp\2.12\bin;C:\Program Files\Git\cmd;C:\Program Files (x86)\Brackets\command;C:\WINDOWS\System32\OpenSSH\;C:\Program Files\nodejs\;C:\Program Files\Microsoft VS Code\bin;C:\Program Files\Apache\maven\bin;C:\Program Files (x86)\sqlite-tools-win32-x86-3220000;C:\Program Files\Microsoft VS Code\bin;C:\Users\claus\AppData\Local\Microsoft\WindowsApps;C:\Users\claus\AppData\Roaming\npm;C:\WINDOWS\system32;
USERNAME=carsten
OS=Windows_NT
PROCESSOR_IDENTIFIER=Intel64 Family 6 Model 78 Stepping 3, GenuineIntel



---------------  S Y S T E M  ---------------

OS: Windows 10.0 , 64 bit Build 17134 (10.0.17134.1)

CPU:total 4 (initial active 4) (2 cores per cpu, 2 threads per core) family 6 model 78 stepping 3, cmov, cx8, fxsr, mmx, sse, sse2, sse3, ssse3, sse4.1, sse4.2, popcnt, avx, avx2, aes, clmul, erms, rtm, 3dnowpref, lzcnt, ht, tsc, tscinvbit, bmi1, bmi2, adx

Memory: 4k page, physical 8238856k(729184k free), swap 33404680k(2660k free)

vm_info: Java HotSpot(TM) 64-Bit Server VM (25.191-b12) for windows-amd64 JRE (1.8.0_191-b12), built on Oct  6 2018 09:29:03 by "java_re" with MS VC++ 10.0 (VS2010)

time: Sun Nov 04 00:12:36 2018
elapsed time: 2 seconds (0d 0h 0m 2s)

