#
# There is insufficient memory for the Java Runtime Environment to continue.
# Native memory allocation (malloc) failed to allocate 32744 bytes for ChunkPool::allocate
# Possible reasons:
#   The system is out of physical RAM or swap space
#   In 32 bit mode, the process size limit was hit
# Possible solutions:
#   Reduce memory load on the system
#   Increase physical memory or swap space
#   Check if swap backing store is full
#   Use 64 bit Java on a 64 bit OS
#   Decrease Java heap size (-Xmx/-Xms)
#   Decrease number of Java threads
#   Decrease Java thread stack sizes (-Xss)
#   Set larger code cache with -XX:ReservedCodeCacheSize=
# This output file may be truncated or incomplete.
#
#  Out of Memory Error (allocation.cpp:273), pid=9752, tid=0x0000000000005258
#
# JRE version: Java(TM) SE Runtime Environment (8.0_191-b12) (build 1.8.0_191-b12)
# Java VM: Java HotSpot(TM) 64-Bit Server VM (25.191-b12 mixed mode windows-amd64 compressed oops)
# Failed to write core dump. Minidumps are not enabled by default on client versions of Windows
#

---------------  T H R E A D  ---------------

Current thread (0x0000000017897800):  JavaThread "C2 CompilerThread0" daemon [_thread_in_native, id=21080, stack(0x0000000018f10000,0x0000000019010000)]

Stack: [0x0000000018f10000,0x0000000019010000]
[error occurred during error reporting (printing stack bounds), id 0xc0000005]

Native frames: (J=compiled Java code, j=interpreted, Vv=VM code, C=native code)


Current CompileTask:
C2:   5985 2072       4       java.net.URLClassLoader$1::run (5 bytes)


---------------  P R O C E S S  ---------------

Java Threads: ( => current thread )
  0x0000000020c6e000 JavaThread "pool-3-thread-1" [_thread_blocked, id=18208, stack(0x0000000023480000,0x0000000023580000)]
  0x00000000219fd000 JavaThread "Abandoned connection cleanup thread" daemon [_thread_blocked, id=14220, stack(0x0000000023180000,0x0000000023280000)]
  0x0000000020c93800 JavaThread "JavaFX-Launcher" [_thread_blocked, id=18968, stack(0x00000000214b0000,0x00000000215b0000)]
  0x00000000193ee000 JavaThread "Thread-2" daemon [_thread_in_native, id=18944, stack(0x00000000213b0000,0x00000000214b0000)]
  0x00000000193e1800 JavaThread "JavaFX Application Thread" [_thread_in_Java, id=26828, stack(0x0000000019ec0000,0x0000000019fc0000)]
  0x00000000193b5000 JavaThread "Thread-1" daemon [_thread_blocked, id=2992, stack(0x0000000019dc0000,0x0000000019ec0000)]
  0x0000000019397000 JavaThread "QuantumRenderer-0" daemon [_thread_blocked, id=26884, stack(0x0000000019a90000,0x0000000019b90000)]
  0x000000001901c000 JavaThread "Service Thread" daemon [_thread_blocked, id=5528, stack(0x0000000019610000,0x0000000019710000)]
  0x00000000178ee000 JavaThread "C1 CompilerThread2" daemon [_thread_in_native, id=26036, stack(0x0000000019510000,0x0000000019610000)]
  0x00000000178eb800 JavaThread "C2 CompilerThread1" daemon [_thread_in_native, id=17956, stack(0x0000000019410000,0x0000000019510000)]
=>0x0000000017897800 JavaThread "C2 CompilerThread0" daemon [_thread_in_native, id=21080, stack(0x0000000018f10000,0x0000000019010000)]
  0x0000000017894000 JavaThread "Attach Listener" daemon [_thread_blocked, id=7484, stack(0x0000000018e10000,0x0000000018f10000)]
  0x0000000017891000 JavaThread "Signal Dispatcher" daemon [_thread_blocked, id=24336, stack(0x0000000018d10000,0x0000000018e10000)]
  0x000000001787a800 JavaThread "Finalizer" daemon [_thread_blocked, id=10640, stack(0x0000000018af0000,0x0000000018bf0000)]
  0x0000000002d92800 JavaThread "Reference Handler" daemon [_thread_blocked, id=20960, stack(0x00000000189f0000,0x0000000018af0000)]
  0x0000000002ca3800 JavaThread "main" [_thread_blocked, id=23332, stack(0x0000000002b60000,0x0000000002c60000)]

Other Threads:
  0x0000000017858000 VMThread [stack: 0x00000000188f0000,0x00000000189f0000] [id=248]
  0x000000001902d800 WatcherThread [stack: 0x0000000019710000,0x0000000019810000] [id=17368]

VM state:not at safepoint (normal execution)

VM Mutex/Monitor currently owned by a thread:  ([mutex/lock_event])
[0x0000000002ca1ce0] MethodData_lock - owner thread: 0x00000000193e1800

Heap:
 PSYoungGen      total 64512K, used 9789K [0x00000000d6180000, 0x00000000dcd00000, 0x0000000100000000)
  eden space 55808K, 17% used [0x00000000d6180000,0x00000000d6b0f770,0x00000000d9800000)
  from space 8704K, 0% used [0x00000000d9800000,0x00000000d9800000,0x00000000da080000)
  to   space 8704K, 0% used [0x00000000dc480000,0x00000000dc480000,0x00000000dcd00000)
 ParOldGen       total 68608K, used 9474K [0x0000000082400000, 0x0000000086700000, 0x00000000d6180000)
  object space 68608K, 13% used [0x0000000082400000,0x0000000082d40908,0x0000000086700000)
 Metaspace       used 37011K, capacity 37552K, committed 38144K, reserved 1081344K
  class space    used 5129K, capacity 5285K, committed 5376K, reserved 1048576K

Card table byte_map: [0x0000000012160000,0x0000000012550000] byte_map_base: 0x0000000011d4e000

Marking Bits: (ParMarkBitMap*) 0x0000000069753e30
 Begin Bits: [0x0000000012bf0000, 0x0000000014b60000)
 End Bits:   [0x0000000014b60000, 0x0000000016ad0000)

Polling page: 0x0000000002b20000

CodeCache: size=245760Kb used=7046Kb max_used=7046Kb free=238713Kb
 bounds [0x0000000002da0000, 0x0000000003490000, 0x0000000011da0000]
 total_blobs=2768 nmethods=2111 adapters=569
 compilation: enabled

Compilation events (10 events):
Event: 5.978 Thread 0x00000000178ee000 nmethod 2116 0x0000000003484a10 code [0x0000000003484b60, 0x0000000003484c70]
Event: 5.978 Thread 0x00000000178ee000 2117       3       java.lang.String::isEmpty (14 bytes)
Event: 5.978 Thread 0x00000000178ee000 nmethod 2117 0x0000000003484cd0 code [0x0000000003484e20, 0x0000000003484fd0]
Event: 5.979 Thread 0x00000000178ee000 2118       1       com.sun.javafx.css.PseudoClassImpl::getIndex (5 bytes)
Event: 5.979 Thread 0x00000000178ee000 nmethod 2118 0x0000000003485090 code [0x00000000034851e0, 0x00000000034852f0]
Event: 5.979 Thread 0x00000000178ee000 2119       3       com.sun.javafx.css.StyleClassSet::getIndex (9 bytes)
Event: 5.979 Thread 0x00000000178ee000 nmethod 2119 0x0000000003485350 code [0x00000000034854c0, 0x0000000003485870]
Event: 5.979 Thread 0x00000000178ee000 2120       3       com.sun.javafx.css.BitSet::<init> (12 bytes)
Event: 5.980 Thread 0x00000000178ee000 nmethod 2120 0x0000000003485990 code [0x0000000003485b00, 0x0000000003485cd0]
Event: 5.980 Thread 0x00000000178ee000 2121       3       com.sun.javafx.css.BitSet::add (125 bytes)

GC Heap History (10 events):
Event: 2.782 GC heap before
{Heap before GC invocations=5 (full 1):
 PSYoungGen      total 37888K, used 4873K [0x00000000d6180000, 0x00000000dab80000, 0x0000000100000000)
  eden space 32768K, 0% used [0x00000000d6180000,0x00000000d6180000,0x00000000d8180000)
  from space 5120K, 95% used [0x00000000d8680000,0x00000000d8b42588,0x00000000d8b80000)
  to   space 5120K, 0% used [0x00000000d8180000,0x00000000d8180000,0x00000000d8680000)
 ParOldGen       total 86016K, used 2642K [0x0000000082400000, 0x0000000087800000, 0x00000000d6180000)
  object space 86016K, 3% used [0x0000000082400000,0x00000000826949c0,0x0000000087800000)
 Metaspace       used 20658K, capacity 21024K, committed 21296K, reserved 1067008K
  class space    used 2844K, capacity 2940K, committed 2944K, reserved 1048576K
Event: 2.819 GC heap after
Heap after GC invocations=5 (full 1):
 PSYoungGen      total 37888K, used 0K [0x00000000d6180000, 0x00000000dab80000, 0x0000000100000000)
  eden space 32768K, 0% used [0x00000000d6180000,0x00000000d6180000,0x00000000d8180000)
  from space 5120K, 0% used [0x00000000d8680000,0x00000000d8680000,0x00000000d8b80000)
  to   space 5120K, 0% used [0x00000000d8180000,0x00000000d8180000,0x00000000d8680000)
 ParOldGen       total 49152K, used 4857K [0x0000000082400000, 0x0000000085400000, 0x00000000d6180000)
  object space 49152K, 9% used [0x0000000082400000,0x00000000828be478,0x0000000085400000)
 Metaspace       used 20658K, capacity 21024K, committed 21296K, reserved 1067008K
  class space    used 2844K, capacity 2940K, committed 2944K, reserved 1048576K
}
Event: 3.904 GC heap before
{Heap before GC invocations=6 (full 1):
 PSYoungGen      total 37888K, used 32768K [0x00000000d6180000, 0x00000000dab80000, 0x0000000100000000)
  eden space 32768K, 100% used [0x00000000d6180000,0x00000000d8180000,0x00000000d8180000)
  from space 5120K, 0% used [0x00000000d8680000,0x00000000d8680000,0x00000000d8b80000)
  to   space 5120K, 0% used [0x00000000d8180000,0x00000000d8180000,0x00000000d8680000)
 ParOldGen       total 49152K, used 4857K [0x0000000082400000, 0x0000000085400000, 0x00000000d6180000)
  object space 49152K, 9% used [0x0000000082400000,0x00000000828be478,0x0000000085400000)
 Metaspace       used 28258K, capacity 28738K, committed 29312K, reserved 1075200K
  class space    used 3799K, capacity 3929K, committed 3968K, reserved 1048576K
Event: 3.911 GC heap after
Heap after GC invocations=6 (full 1):
 PSYoungGen      total 37888K, used 5118K [0x00000000d6180000, 0x00000000daa00000, 0x0000000100000000)
  eden space 32768K, 0% used [0x00000000d6180000,0x00000000d6180000,0x00000000d8180000)
  from space 5120K, 99% used [0x00000000d8180000,0x00000000d867f908,0x00000000d8680000)
  to   space 9216K, 0% used [0x00000000da100000,0x00000000da100000,0x00000000daa00000)
 ParOldGen       total 49152K, used 6300K [0x0000000082400000, 0x0000000085400000, 0x00000000d6180000)
  object space 49152K, 12% used [0x0000000082400000,0x0000000082a27338,0x0000000085400000)
 Metaspace       used 28258K, capacity 28738K, committed 29312K, reserved 1075200K
  class space    used 3799K, capacity 3929K, committed 3968K, reserved 1048576K
}
Event: 4.967 GC heap before
{Heap before GC invocations=7 (full 1):
 PSYoungGen      total 37888K, used 37886K [0x00000000d6180000, 0x00000000daa00000, 0x0000000100000000)
  eden space 32768K, 100% used [0x00000000d6180000,0x00000000d8180000,0x00000000d8180000)
  from space 5120K, 99% used [0x00000000d8180000,0x00000000d867f908,0x00000000d8680000)
  to   space 9216K, 0% used [0x00000000da100000,0x00000000da100000,0x00000000daa00000)
 ParOldGen       total 49152K, used 6300K [0x0000000082400000, 0x0000000085400000, 0x00000000d6180000)
  object space 49152K, 12% used [0x0000000082400000,0x0000000082a27338,0x0000000085400000)
 Metaspace       used 32047K, capacity 32526K, committed 33024K, reserved 1077248K
  class space    used 4462K, capacity 4583K, committed 4608K, reserved 1048576K
Event: 4.996 GC heap after
Heap after GC invocations=7 (full 1):
 PSYoungGen      total 64000K, used 5950K [0x00000000d6180000, 0x00000000da900000, 0x0000000100000000)
  eden space 55808K, 0% used [0x00000000d6180000,0x00000000d6180000,0x00000000d9800000)
  from space 8192K, 72% used [0x00000000da100000,0x00000000da6cfac8,0x00000000da900000)
  to   space 8704K, 0% used [0x00000000d9800000,0x00000000d9800000,0x00000000da080000)
 ParOldGen       total 49152K, used 6300K [0x0000000082400000, 0x0000000085400000, 0x00000000d6180000)
  object space 49152K, 12% used [0x0000000082400000,0x0000000082a27338,0x0000000085400000)
 Metaspace       used 32047K, capacity 32526K, committed 33024K, reserved 1077248K
  class space    used 4462K, capacity 4583K, committed 4608K, reserved 1048576K
}
Event: 5.468 GC heap before
{Heap before GC invocations=8 (full 1):
 PSYoungGen      total 64000K, used 19015K [0x00000000d6180000, 0x00000000da900000, 0x0000000100000000)
  eden space 55808K, 23% used [0x00000000d6180000,0x00000000d6e42348,0x00000000d9800000)
  from space 8192K, 72% used [0x00000000da100000,0x00000000da6cfac8,0x00000000da900000)
  to   space 8704K, 0% used [0x00000000d9800000,0x00000000d9800000,0x00000000da080000)
 ParOldGen       total 49152K, used 6300K [0x0000000082400000, 0x0000000085400000, 0x00000000d6180000)
  object space 49152K, 12% used [0x0000000082400000,0x0000000082a27338,0x0000000085400000)
 Metaspace       used 34486K, capacity 34994K, committed 35456K, reserved 1079296K
  class space    used 4759K, capacity 4913K, committed 4992K, reserved 1048576K
Event: 5.475 GC heap after
Heap after GC invocations=8 (full 1):
 PSYoungGen      total 64512K, used 5037K [0x00000000d6180000, 0x00000000dcd00000, 0x0000000100000000)
  eden space 55808K, 0% used [0x00000000d6180000,0x00000000d6180000,0x00000000d9800000)
  from space 8704K, 57% used [0x00000000d9800000,0x00000000d9ceb608,0x00000000da080000)
  to   space 8704K, 0% used [0x00000000dc480000,0x00000000dc480000,0x00000000dcd00000)
 ParOldGen       total 49152K, used 6308K [0x0000000082400000, 0x0000000085400000, 0x00000000d6180000)
  object space 49152K, 12% used [0x0000000082400000,0x0000000082a29338,0x0000000085400000)
 Metaspace       used 34486K, capacity 34994K, committed 35456K, reserved 1079296K
  class space    used 4759K, capacity 4913K, committed 4992K, reserved 1048576K
}
Event: 5.475 GC heap before
{Heap before GC invocations=9 (full 2):
 PSYoungGen      total 64512K, used 5037K [0x00000000d6180000, 0x00000000dcd00000, 0x0000000100000000)
  eden space 55808K, 0% used [0x00000000d6180000,0x00000000d6180000,0x00000000d9800000)
  from space 8704K, 57% used [0x00000000d9800000,0x00000000d9ceb608,0x00000000da080000)
  to   space 8704K, 0% used [0x00000000dc480000,0x00000000dc480000,0x00000000dcd00000)
 ParOldGen       total 49152K, used 6308K [0x0000000082400000, 0x0000000085400000, 0x00000000d6180000)
  object space 49152K, 12% used [0x0000000082400000,0x0000000082a29338,0x0000000085400000)
 Metaspace       used 34486K, capacity 34994K, committed 35456K, reserved 1079296K
  class space    used 4759K, capacity 4913K, committed 4992K, reserved 1048576K
Event: 5.513 GC heap after
Heap after GC invocations=9 (full 2):
 PSYoungGen      total 64512K, used 0K [0x00000000d6180000, 0x00000000dcd00000, 0x0000000100000000)
  eden space 55808K, 0% used [0x00000000d6180000,0x00000000d6180000,0x00000000d9800000)
  from space 8704K, 0% used [0x00000000d9800000,0x00000000d9800000,0x00000000da080000)
  to   space 8704K, 0% used [0x00000000dc480000,0x00000000dc480000,0x00000000dcd00000)
 ParOldGen       total 68608K, used 9474K [0x0000000082400000, 0x0000000086700000, 0x00000000d6180000)
  object space 68608K, 13% used [0x0000000082400000,0x0000000082d40908,0x0000000086700000)
 Metaspace       used 34486K, capacity 34994K, committed 35456K, reserved 1079296K
  class space    used 4759K, capacity 4913K, committed 4992K, reserved 1048576K
}

Deoptimization events (10 events):
Event: 3.039 Thread 0x00000000193e1800 Uncommon trap: reason=predicate action=maybe_recompile pc=0x00000000031d4bc4 method=java.lang.String.regionMatches(ZILjava/lang/String;II)Z @ 63
Event: 3.062 Thread 0x00000000193e1800 Uncommon trap: reason=unstable_if action=reinterpret pc=0x0000000002fb8e08 method=java.lang.AbstractStringBuilder.append(Ljava/lang/String;)Ljava/lang/AbstractStringBuilder; @ 1
Event: 3.162 Thread 0x00000000193e1800 Uncommon trap: reason=unstable_if action=reinterpret pc=0x00000000030bc53c method=java.lang.CharacterDataLatin1.isWhitespace(I)Z @ 14
Event: 3.164 Thread 0x00000000193e1800 Uncommon trap: reason=unstable_if action=reinterpret pc=0x0000000003129ac4 method=java.lang.String$CaseInsensitiveComparator.compare(Ljava/lang/String;Ljava/lang/String;)I @ 70
Event: 3.221 Thread 0x00000000193e1800 Uncommon trap: reason=class_check action=maybe_recompile pc=0x000000000321c9e4 method=java.util.Properties$LineReader.readLine()I @ 62
Event: 3.221 Thread 0x00000000193e1800 Uncommon trap: reason=class_check action=maybe_recompile pc=0x000000000321c9e4 method=java.util.Properties$LineReader.readLine()I @ 62
Event: 3.221 Thread 0x00000000193e1800 Uncommon trap: reason=predicate action=maybe_recompile pc=0x00000000030647b0 method=sun.net.www.ParseUtil.encodePath(Ljava/lang/String;Z)Ljava/lang/String; @ 36
Event: 3.419 Thread 0x00000000193e1800 Uncommon trap: reason=bimorphic action=maybe_recompile pc=0x00000000030ca0b8 method=java.util.HashMap.putVal(ILjava/lang/Object;Ljava/lang/Object;ZZ)Ljava/lang/Object; @ 203
Event: 5.458 Thread 0x00000000193e1800 Uncommon trap: reason=unstable_if action=reinterpret pc=0x0000000002faa080 method=java.lang.CharacterData.of(I)Ljava/lang/CharacterData; @ 4
Event: 5.465 Thread 0x00000000193e1800 Uncommon trap: reason=unstable_if action=reinterpret pc=0x000000000326b2e8 method=java.util.regex.Pattern$BmpCharProperty.match(Ljava/util/regex/Matcher;ILjava/lang/CharSequence;)Z @ 34

Classes redefined (0 events):
No events

Internal exceptions (10 events):
Event: 0.541 Thread 0x0000000002ca3800 Exception <a 'java/lang/NullPointerException'> (0x00000000d6454eb0) thrown at [C:\re\workspace\8-2-build-windows-amd64-cygwin\jdk8u191\11896\hotspot\src\share\vm\interpreter\linkResolver.cpp, line 1185]
Event: 1.777 Thread 0x00000000193e1800 Exception <a 'java/lang/ArrayIndexOutOfBoundsException': 18> (0x00000000d69258c0) thrown at [C:\re\workspace\8-2-build-windows-amd64-cygwin\jdk8u191\11896\hotspot\src\share\vm\interpreter\interpreterRuntime.cpp, line 366]
Event: 1.778 Thread 0x00000000193e1800 Exception <a 'java/lang/ArrayIndexOutOfBoundsException': 110> (0x00000000d6927000) thrown at [C:\re\workspace\8-2-build-windows-amd64-cygwin\jdk8u191\11896\hotspot\src\share\vm\interpreter\interpreterRuntime.cpp, line 366]
Event: 2.192 Thread 0x00000000193e1800 Exception <a 'java/lang/ClassNotFoundException': com/sun/org/glassfish/hk2/osgiresourcelocator/ServiceLoader> (0x00000000d7a67da0) thrown at [C:\re\workspace\8-2-build-windows-amd64-cygwin\jdk8u191\11896\hotspot\src\share\vm\classfile\systemDictionary.cpp
Event: 2.196 Thread 0x00000000193e1800 Exception <a 'java/lang/NullPointerException'> (0x00000000d7a727d0) thrown at [C:\re\workspace\8-2-build-windows-amd64-cygwin\jdk8u191\11896\hotspot\src\share\vm\interpreter\linkResolver.cpp, line 1287]
Event: 2.204 Thread 0x00000000193e1800 Implicit null exception at 0x00000000030d6a7b to 0x00000000030d70a5
Event: 2.371 Thread 0x00000000193e1800 Implicit null exception at 0x00000000030a11d6 to 0x00000000030a1571
Event: 3.062 Thread 0x00000000193e1800 Implicit null exception at 0x0000000002fb8a56 to 0x0000000002fb8df1
Event: 5.828 Thread 0x00000000193e1800 Exception <a 'java/lang/NullPointerException'> (0x00000000d6800d80) thrown at [C:\re\workspace\8-2-build-windows-amd64-cygwin\jdk8u191\11896\hotspot\src\share\vm\interpreter\linkResolver.cpp, line 1185]
Event: 5.828 Thread 0x00000000193e1800 Exception <a 'java/lang/NullPointerException'> (0x00000000d6800d80) thrown at [C:\re\workspace\8-2-build-windows-amd64-cygwin\jdk8u191\11896\hotspot\src\share\vm\prims\jvm.cpp, line 1439]

Events (10 events):
Event: 5.974 loading class com/sun/javafx/collections/SetListenerHelper$SingleInvalidation
Event: 5.974 loading class com/sun/javafx/collections/SetListenerHelper$SingleInvalidation done
Event: 5.974 loading class com/sun/javafx/collections/SetListenerHelper$SingleChange
Event: 5.974 loading class com/sun/javafx/collections/SetListenerHelper$SingleChange done
Event: 5.976 loading class com/sun/javafx/css/Combinator
Event: 5.976 loading class com/sun/javafx/css/Combinator done
Event: 5.976 loading class com/sun/javafx/css/Combinator$1
Event: 5.976 loading class com/sun/javafx/css/Combinator$1 done
Event: 5.977 loading class com/sun/javafx/css/Combinator$2
Event: 5.977 loading class com/sun/javafx/css/Combinator$2 done


Dynamic libraries:
0x00007ff6f1020000 - 0x00007ff6f1057000 	C:\Program Files\Java\jre1.8.0_191\bin\javaw.exe
0x00007ffb4d920000 - 0x00007ffb4db01000 	C:\WINDOWS\SYSTEM32\ntdll.dll
0x00007ffb4b1d0000 - 0x00007ffb4b282000 	C:\WINDOWS\System32\KERNEL32.DLL
0x00007ffb4a110000 - 0x00007ffb4a383000 	C:\WINDOWS\System32\KERNELBASE.dll
0x00007ffb4b330000 - 0x00007ffb4b3d1000 	C:\WINDOWS\System32\ADVAPI32.dll
0x00007ffb4d040000 - 0x00007ffb4d0de000 	C:\WINDOWS\System32\msvcrt.dll
0x00007ffb4af80000 - 0x00007ffb4afdb000 	C:\WINDOWS\System32\sechost.dll
0x00007ffb4d330000 - 0x00007ffb4d454000 	C:\WINDOWS\System32\RPCRT4.dll
0x00007ffb4b040000 - 0x00007ffb4b1d0000 	C:\WINDOWS\System32\USER32.dll
0x00007ffb4aba0000 - 0x00007ffb4abc0000 	C:\WINDOWS\System32\win32u.dll
0x00007ffb4adc0000 - 0x00007ffb4ade8000 	C:\WINDOWS\System32\GDI32.dll
0x00007ffb49f70000 - 0x00007ffb4a102000 	C:\WINDOWS\System32\gdi32full.dll
0x00007ffb49d70000 - 0x00007ffb49e0f000 	C:\WINDOWS\System32\msvcp_win.dll
0x00007ffb4aaa0000 - 0x00007ffb4ab9a000 	C:\WINDOWS\System32\ucrtbase.dll
0x00007ffb35e30000 - 0x00007ffb36099000 	C:\WINDOWS\WinSxS\amd64_microsoft.windows.common-controls_6595b64144ccf1df_6.0.17134.345_none_fb429a5930656358\COMCTL32.dll
0x00007ffb4d460000 - 0x00007ffb4d783000 	C:\WINDOWS\System32\combase.dll
0x00007ffb49cf0000 - 0x00007ffb49d6a000 	C:\WINDOWS\System32\bcryptPrimitives.dll
0x00007ffb4d1d0000 - 0x00007ffb4d1fd000 	C:\WINDOWS\System32\IMM32.DLL
0x0000000068a90000 - 0x0000000068b62000 	C:\Program Files\Java\jre1.8.0_191\bin\msvcr100.dll
0x0000000068f30000 - 0x00000000697d4000 	C:\Program Files\Java\jre1.8.0_191\bin\server\jvm.dll
0x00007ffb4d270000 - 0x00007ffb4d278000 	C:\WINDOWS\System32\PSAPI.DLL
0x00007ffb37590000 - 0x00007ffb37599000 	C:\WINDOWS\SYSTEM32\WSOCK32.dll
0x00007ffb47960000 - 0x00007ffb47983000 	C:\WINDOWS\SYSTEM32\WINMM.dll
0x00007ffb3e030000 - 0x00007ffb3e03a000 	C:\WINDOWS\SYSTEM32\VERSION.dll
0x00007ffb4d200000 - 0x00007ffb4d26c000 	C:\WINDOWS\System32\WS2_32.dll
0x00007ffb47930000 - 0x00007ffb4795a000 	C:\WINDOWS\SYSTEM32\WINMMBASE.dll
0x00007ffb49e70000 - 0x00007ffb49eb9000 	C:\WINDOWS\System32\cfgmgr32.dll
0x000000006a1f0000 - 0x000000006a1ff000 	C:\Program Files\Java\jre1.8.0_191\bin\verify.dll
0x000000006a130000 - 0x000000006a159000 	C:\Program Files\Java\jre1.8.0_191\bin\java.dll
0x000000006a110000 - 0x000000006a126000 	C:\Program Files\Java\jre1.8.0_191\bin\zip.dll
0x00007ffb4bc00000 - 0x00007ffb4d03f000 	C:\WINDOWS\System32\SHELL32.dll
0x00007ffb4d280000 - 0x00007ffb4d329000 	C:\WINDOWS\System32\shcore.dll
0x00007ffb4a390000 - 0x00007ffb4aa9d000 	C:\WINDOWS\System32\windows.storage.dll
0x00007ffb4bba0000 - 0x00007ffb4bbf1000 	C:\WINDOWS\System32\shlwapi.dll
0x00007ffb49cd0000 - 0x00007ffb49ce1000 	C:\WINDOWS\System32\kernel.appcore.dll
0x00007ffb49cb0000 - 0x00007ffb49ccf000 	C:\WINDOWS\System32\profapi.dll
0x00007ffb49c50000 - 0x00007ffb49c9c000 	C:\WINDOWS\System32\powrprof.dll
0x00007ffb49ca0000 - 0x00007ffb49caa000 	C:\WINDOWS\System32\FLTLIB.DLL
0x0000000019810000 - 0x0000000019813000 	C:\Program Files\Java\jre1.8.0_191\bin\api-ms-win-core-console-l1-1-0.dll
0x0000000019820000 - 0x0000000019823000 	C:\Program Files\Java\jre1.8.0_191\bin\api-ms-win-core-datetime-l1-1-0.dll
0x0000000019830000 - 0x0000000019833000 	C:\Program Files\Java\jre1.8.0_191\bin\api-ms-win-core-debug-l1-1-0.dll
0x0000000019840000 - 0x0000000019843000 	C:\Program Files\Java\jre1.8.0_191\bin\api-ms-win-core-errorhandling-l1-1-0.dll
0x0000000019850000 - 0x0000000019854000 	C:\Program Files\Java\jre1.8.0_191\bin\api-ms-win-core-file-l1-1-0.dll
0x0000000019860000 - 0x0000000019863000 	C:\Program Files\Java\jre1.8.0_191\bin\api-ms-win-core-file-l1-2-0.dll
0x0000000019870000 - 0x0000000019873000 	C:\Program Files\Java\jre1.8.0_191\bin\api-ms-win-core-file-l2-1-0.dll
0x0000000019880000 - 0x0000000019883000 	C:\Program Files\Java\jre1.8.0_191\bin\api-ms-win-core-handle-l1-1-0.dll
0x0000000019890000 - 0x0000000019893000 	C:\Program Files\Java\jre1.8.0_191\bin\api-ms-win-core-heap-l1-1-0.dll
0x00000000198a0000 - 0x00000000198a3000 	C:\Program Files\Java\jre1.8.0_191\bin\api-ms-win-core-interlocked-l1-1-0.dll
0x00000000198b0000 - 0x00000000198b3000 	C:\Program Files\Java\jre1.8.0_191\bin\api-ms-win-core-libraryloader-l1-1-0.dll
0x00000000198c0000 - 0x00000000198c3000 	C:\Program Files\Java\jre1.8.0_191\bin\api-ms-win-core-localization-l1-2-0.dll
0x00000000198d0000 - 0x00000000198d3000 	C:\Program Files\Java\jre1.8.0_191\bin\api-ms-win-core-memory-l1-1-0.dll
0x00000000198e0000 - 0x00000000198e3000 	C:\Program Files\Java\jre1.8.0_191\bin\api-ms-win-core-namedpipe-l1-1-0.dll
0x00000000198f0000 - 0x00000000198f3000 	C:\Program Files\Java\jre1.8.0_191\bin\api-ms-win-core-processenvironment-l1-1-0.dll
0x0000000019900000 - 0x0000000019903000 	C:\Program Files\Java\jre1.8.0_191\bin\api-ms-win-core-processthreads-l1-1-0.dll
0x0000000019910000 - 0x0000000019913000 	C:\Program Files\Java\jre1.8.0_191\bin\api-ms-win-core-processthreads-l1-1-1.dll
0x0000000019920000 - 0x0000000019923000 	C:\Program Files\Java\jre1.8.0_191\bin\api-ms-win-core-profile-l1-1-0.dll
0x0000000019930000 - 0x0000000019933000 	C:\Program Files\Java\jre1.8.0_191\bin\api-ms-win-core-rtlsupport-l1-1-0.dll
0x0000000019940000 - 0x0000000019943000 	C:\Program Files\Java\jre1.8.0_191\bin\api-ms-win-core-string-l1-1-0.dll
0x0000000019950000 - 0x0000000019953000 	C:\Program Files\Java\jre1.8.0_191\bin\api-ms-win-core-synch-l1-1-0.dll
0x0000000019960000 - 0x0000000019963000 	C:\Program Files\Java\jre1.8.0_191\bin\api-ms-win-core-synch-l1-2-0.dll
0x0000000019970000 - 0x0000000019973000 	C:\Program Files\Java\jre1.8.0_191\bin\api-ms-win-core-sysinfo-l1-1-0.dll
0x0000000019980000 - 0x0000000019983000 	C:\Program Files\Java\jre1.8.0_191\bin\api-ms-win-core-timezone-l1-1-0.dll
0x0000000019990000 - 0x0000000019993000 	C:\Program Files\Java\jre1.8.0_191\bin\api-ms-win-core-util-l1-1-0.dll
0x00000000199a0000 - 0x00000000199a3000 	C:\Program Files\Java\jre1.8.0_191\bin\api-ms-win-crt-conio-l1-1-0.dll
0x00000000199b0000 - 0x00000000199b4000 	C:\Program Files\Java\jre1.8.0_191\bin\api-ms-win-crt-convert-l1-1-0.dll
0x00000000199c0000 - 0x00000000199c3000 	C:\Program Files\Java\jre1.8.0_191\bin\api-ms-win-crt-environment-l1-1-0.dll
0x00000000199d0000 - 0x00000000199d3000 	C:\Program Files\Java\jre1.8.0_191\bin\api-ms-win-crt-filesystem-l1-1-0.dll
0x00000000199e0000 - 0x00000000199e3000 	C:\Program Files\Java\jre1.8.0_191\bin\api-ms-win-crt-heap-l1-1-0.dll
0x00000000199f0000 - 0x00000000199f3000 	C:\Program Files\Java\jre1.8.0_191\bin\api-ms-win-crt-locale-l1-1-0.dll
0x0000000019a00000 - 0x0000000019a05000 	C:\Program Files\Java\jre1.8.0_191\bin\api-ms-win-crt-math-l1-1-0.dll
0x0000000019a10000 - 0x0000000019a15000 	C:\Program Files\Java\jre1.8.0_191\bin\api-ms-win-crt-multibyte-l1-1-0.dll
0x0000000019a20000 - 0x0000000019a30000 	C:\Program Files\Java\jre1.8.0_191\bin\api-ms-win-crt-private-l1-1-0.dll
0x0000000019a30000 - 0x0000000019a33000 	C:\Program Files\Java\jre1.8.0_191\bin\api-ms-win-crt-process-l1-1-0.dll
0x0000000019a40000 - 0x0000000019a44000 	C:\Program Files\Java\jre1.8.0_191\bin\api-ms-win-crt-runtime-l1-1-0.dll
0x0000000019a50000 - 0x0000000019a54000 	C:\Program Files\Java\jre1.8.0_191\bin\api-ms-win-crt-stdio-l1-1-0.dll
0x0000000019a60000 - 0x0000000019a64000 	C:\Program Files\Java\jre1.8.0_191\bin\api-ms-win-crt-string-l1-1-0.dll
0x0000000019a70000 - 0x0000000019a73000 	C:\Program Files\Java\jre1.8.0_191\bin\api-ms-win-crt-time-l1-1-0.dll
0x0000000019a80000 - 0x0000000019a83000 	C:\Program Files\Java\jre1.8.0_191\bin\api-ms-win-crt-utility-l1-1-0.dll
0x00007ffb15680000 - 0x00007ffb15776000 	C:\Program Files\Java\jre1.8.0_191\bin\ucrtbase.dll
0x00007ffb35630000 - 0x00007ffb35646000 	C:\Program Files\Java\jre1.8.0_191\bin\vcruntime140.dll
0x00007ffb22770000 - 0x00007ffb2280c000 	C:\Program Files\Java\jre1.8.0_191\bin\msvcp140.dll
0x00007ffb1bf80000 - 0x00007ffb1bfd1000 	C:\Program Files\Java\jre1.8.0_191\bin\concrt140.dll
0x00000000685a0000 - 0x00000000685c3000 	C:\Program Files\Java\jre1.8.0_191\bin\prism_d3d.dll
0x00007ffafea50000 - 0x00007ffafebe7000 	C:\WINDOWS\system32\d3d9.dll
0x00007ffb483a0000 - 0x00007ffb483c9000 	C:\WINDOWS\SYSTEM32\dwmapi.dll
0x00007ffb48140000 - 0x00007ffb481d8000 	C:\WINDOWS\system32\uxtheme.dll
0x00007ffb0c710000 - 0x00007ffb0c8e7000 	C:\WINDOWS\System32\DriverStore\FileRepository\igdlh64.inf_amd64_7948ecc1af5c27e1\igdumdim64.dll
0x00007ffae1d90000 - 0x00007ffae4d8d000 	C:\WINDOWS\System32\DriverStore\FileRepository\igdlh64.inf_amd64_7948ecc1af5c27e1\igd9dxva64.dll
0x00007ffb4d790000 - 0x00007ffb4d8e1000 	C:\WINDOWS\System32\ole32.dll
0x00007ffb4bad0000 - 0x00007ffb4bb92000 	C:\WINDOWS\System32\OLEAUT32.dll
0x0000000068550000 - 0x0000000068599000 	C:\Program Files\Java\jre1.8.0_191\bin\glass.dll
0x00007ffb4d0e0000 - 0x00007ffb4d1cd000 	C:\WINDOWS\System32\COMDLG32.dll
0x00007ffb4adf0000 - 0x00007ffb4af64000 	C:\WINDOWS\System32\MSCTF.dll
0x00007ffb416d0000 - 0x00007ffb43465000 	C:\WINDOWS\System32\DriverStore\FileRepository\igdlh64.inf_amd64_7948ecc1af5c27e1\igc64.dll
0x0000000069b90000 - 0x0000000069b9d000 	C:\Program Files\Java\jre1.8.0_191\bin\management.dll
0x000000006a0f0000 - 0x000000006a10a000 	C:\Program Files\Java\jre1.8.0_191\bin\net.dll
0x00007ffb494b0000 - 0x00007ffb49516000 	C:\WINDOWS\system32\mswsock.dll
0x00007ffb2d480000 - 0x00007ffb2d496000 	C:\WINDOWS\system32\napinsp.dll
0x00007ffb2c040000 - 0x00007ffb2c05a000 	C:\WINDOWS\system32\pnrpnsp.dll
0x00007ffb46560000 - 0x00007ffb46579000 	C:\WINDOWS\system32\NLAapi.dll
0x00007ffb49270000 - 0x00007ffb4932e000 	C:\WINDOWS\SYSTEM32\DNSAPI.dll
0x00007ffb4af70000 - 0x00007ffb4af78000 	C:\WINDOWS\System32\NSI.dll
0x00007ffb49230000 - 0x00007ffb49268000 	C:\WINDOWS\SYSTEM32\IPHLPAPI.DLL
0x00007ffb2c020000 - 0x00007ffb2c02e000 	C:\WINDOWS\System32\winrnr.dll
0x00007ffb2c000000 - 0x00007ffb2c015000 	C:\WINDOWS\System32\wshbth.dll
0x00007ffb3f530000 - 0x00007ffb3f53a000 	C:\Windows\System32\rasadhlp.dll
0x00007ffb3fc90000 - 0x00007ffb3fd02000 	C:\WINDOWS\System32\fwpuclnt.dll
0x00007ffb49790000 - 0x00007ffb497b5000 	C:\WINDOWS\SYSTEM32\bcrypt.dll
0x0000000069c80000 - 0x0000000069c91000 	C:\Program Files\Java\jre1.8.0_191\bin\nio.dll
0x00007ffb49660000 - 0x00007ffb49677000 	C:\WINDOWS\SYSTEM32\CRYPTSP.dll
0x00007ffb49090000 - 0x00007ffb490c3000 	C:\WINDOWS\system32\rsaenh.dll
0x00007ffb49b30000 - 0x00007ffb49b58000 	C:\WINDOWS\SYSTEM32\USERENV.dll
0x00007ffb49680000 - 0x00007ffb4968b000 	C:\WINDOWS\SYSTEM32\CRYPTBASE.dll
0x00007ffb40310000 - 0x00007ffb40326000 	C:\WINDOWS\SYSTEM32\dhcpcsvc6.DLL
0x00007ffb40250000 - 0x00007ffb4026a000 	C:\WINDOWS\SYSTEM32\dhcpcsvc.DLL
0x0000000068530000 - 0x0000000068544000 	C:\Program Files\Java\jre1.8.0_191\bin\javafx_font.dll

VM Arguments:
jvm_args: -Dfile.encoding=Cp1252 
java_command: controller.MainBibliothek
java_class_path (initial): C:\Users\claus\Desktop\Workspace\eUc_pB\target\classes;C:\Users\claus\.m2\repository\log4j\log4j\1.2.17\log4j-1.2.17.jar;C:\Users\claus\.m2\repository\org\controlsfx\controlsfx\8.40.12\controlsfx-8.40.12.jar;C:\Users\claus\.m2\repository\org\hibernate\hibernate-core\5.3.2.Final\hibernate-core-5.3.2.Final.jar;C:\Users\claus\.m2\repository\javax\persistence\javax.persistence-api\2.2\javax.persistence-api-2.2.jar;C:\Users\claus\.m2\repository\org\jboss\spec\javax\transaction\jboss-transaction-api_1.2_spec\1.1.1.Final\jboss-transaction-api_1.2_spec-1.1.1.Final.jar;C:\Users\claus\.m2\repository\com\fasterxml\classmate\1.3.4\classmate-1.3.4.jar;C:\Users\claus\.m2\repository\javax\activation\javax.activation-api\1.2.0\javax.activation-api-1.2.0.jar;C:\Users\claus\.m2\repository\org\hibernate\common\hibernate-commons-annotations\5.0.4.Final\hibernate-commons-annotations-5.0.4.Final.jar;C:\Users\claus\.m2\repository\org\hibernate\hibernate-tools\5.3.4.Final\hibernate-tools-5.3.4.Final.jar;C:\Users\claus\.m2\repository\commons-collections\commons-collections\3.2.2\commons-collections-3.2.2.jar;C:\Users\claus\.m2\repository\jaxen\jaxen\1.1.6\jaxen-1.1.6.jar;C:\Users\claus\.m2\repository\org\apache\ant\ant\1.10.1\ant-1.10.1.jar;C:\Users\claus\.m2\repository\org\apache\ant\ant-launcher\1.10.1\ant-launcher-1.10.1.jar;C:\Users\claus\.m2\repository\org\eclipse\jdt\org.eclipse.jdt.core\3.12.2\org.eclipse.jdt.core-3.12.2.jar;C:\Users\claus\.m2\repository\org\eclipse\platform\org.eclipse.core.resources\3.13.100\org.eclipse.core.resources-3.13.100.jar;C:\Users\claus\.m2\repository\org\eclipse\platform\org.eclipse.core.expressions\3.6.200\org.eclipse.core.expressions-3.6.200.jar;C:\Users\claus\.m2\repository\org\eclipse\platform\org.eclipse.core.runtime\3.15.0\org.eclipse.core.runtime-3.15.0.jar;C:\Users\claus\.m2\repository\org\eclipse\platform\org.eclipse.osgi\3.13.100\org.eclipse.osgi-3.13.100.jar;C:\Users\claus\.m2\repository\org\eclipse\platform\org.ecl
Launcher Type: SUN_STANDARD

Environment Variables:
JAVA_HOME=C:\Program Files\Java\jdk1.8.0_191
PATH=C:/Program Files/Java/jre1.8.0_191/bin/server;C:/Program Files/Java/jre1.8.0_191/bin;C:/Program Files/Java/jre1.8.0_191/lib/amd64;C:\Program Files (x86)\Common Files\Oracle\Java\javapath;C:\ProgramData\Oracle\Java\javapath;C:\WINDOWS\system32;C:\WINDOWS;C:\WINDOWS\System32\Wbem;C:\WINDOWS\System32\WindowsPowerShell\v1.0\;C:\Program Files (x86)\GtkSharp\2.12\bin;C:\Program Files\Git\cmd;C:\Program Files (x86)\Brackets\command;C:\WINDOWS\System32\OpenSSH\;C:\Program Files\nodejs\;C:\Program Files\Microsoft VS Code\bin;C:\Program Files\Apache\maven\bin;C:\Program Files (x86)\sqlite-tools-win32-x86-3220000;C:\Program Files\Microsoft VS Code\bin;C:\Users\claus\AppData\Local\Microsoft\WindowsApps;C:\Users\claus\AppData\Roaming\npm;C:\WINDOWS\system32;
USERNAME=carsten
OS=Windows_NT
PROCESSOR_IDENTIFIER=Intel64 Family 6 Model 78 Stepping 3, GenuineIntel



---------------  S Y S T E M  ---------------

OS: Windows 10.0 , 64 bit Build 17134 (10.0.17134.1)

CPU:total 4 (initial active 4) (2 cores per cpu, 2 threads per core) family 6 model 78 stepping 3, cmov, cx8, fxsr, mmx, sse, sse2, sse3, ssse3, sse4.1, sse4.2, popcnt, avx, avx2, aes, clmul, erms, rtm, 3dnowpref, lzcnt, ht, tsc, tscinvbit, bmi1, bmi2, adx

Memory: 4k page, physical 8238856k(525272k free), swap 33404680k(5164k free)

vm_info: Java HotSpot(TM) 64-Bit Server VM (25.191-b12) for windows-amd64 JRE (1.8.0_191-b12), built on Oct  6 2018 09:29:03 by "java_re" with MS VC++ 10.0 (VS2010)

time: Tue Nov 13 19:24:16 2018
elapsed time: 6 seconds (0d 0h 0m 6s)

